# JRE version: Java(TM) SE Runtime Environment (8.0_60-b27) (build 1.8.0_60-b27)
# Java VM: Java HotSpot(TM) 64-Bit Server VM (25.60-b23 mixed mode windows-amd64 compressed oops)
Heap:
 PSYoungGen      total 294912K, used 120580K [0x00000000eab00000, 0x00000000ffb80000, 0x0000000100000000)
  eden space 245760K, 37% used [0x00000000eab00000,0x00000000f0583768,0x00000000f9b00000)
  from space 49152K, 56% used [0x00000000fca00000,0x00000000fe53da08,0x00000000ffa00000)
  to   space 48128K, 0% used [0x00000000f9b00000,0x00000000f9b00000,0x00000000fca00000)
 ParOldGen       total 147456K, used 52443K [0x00000000c0000000, 0x00000000c9000000, 0x00000000eab00000)
  object space 147456K, 35% used [0x00000000c0000000,0x00000000c3336e38,0x00000000c9000000)
 Metaspace       used 67774K, capacity 70788K, committed 71040K, reserved 1110016K
  class space    used 8865K, capacity 9516K, committed 9600K, reserved 1048576K
GC Heap History (10 events):
Event: 319.124 GC heap before
{Heap before GC invocations=25 (full 4):
 PSYoungGen      total 292864K, used 152845K [0x00000000eab00000, 0x00000000ffe80000, 0x0000000100000000)
  eden space 241152K, 50% used [0x00000000eab00000,0x00000000f21289e8,0x00000000f9680000)
  from space 51712K, 61% used [0x00000000fcc00000,0x00000000feb1ab78,0x00000000ffe80000)
  to   space 53248K, 0% used [0x00000000f9680000,0x00000000f9680000,0x00000000fca80000)
 ParOldGen       total 147456K, used 51416K [0x00000000c0000000, 0x00000000c9000000, 0x00000000eab00000)
  object space 147456K, 34% used [0x00000000c0000000,0x00000000c3236190,0x00000000c9000000)
 Metaspace       used 64309K, capacity 66012K, committed 66048K, reserved 1105920K
  class space    used 8293K, capacity 8698K, committed 8704K, reserved 1048576K
Event: 319.179 GC heap after
Heap after GC invocations=25 (full 4):
 PSYoungGen      total 272384K, used 30845K [0x00000000eab00000, 0x00000000ffd80000, 0x0000000100000000)
  eden space 241152K, 0% used [0x00000000eab00000,0x00000000eab00000,0x00000000f9680000)
  from space 31232K, 98% used [0x00000000f9680000,0x00000000fb49f6a8,0x00000000fb500000)
  to   space 52736K, 0% used [0x00000000fca00000,0x00000000fca00000,0x00000000ffd80000)
 ParOldGen       total 147456K, used 51424K [0x00000000c0000000, 0x00000000c9000000, 0x00000000eab00000)
  object space 147456K, 34% used [0x00000000c0000000,0x00000000c3238190,0x00000000c9000000)
 Metaspace       used 64309K, capacity 66012K, committed 66048K, reserved 1105920K
  class space    used 8293K, capacity 8698K, committed 8704K, reserved 1048576K
}
Event: 319.179 GC heap before
{Heap before GC invocations=26 (full 5):
 PSYoungGen      total 272384K, used 30845K [0x00000000eab00000, 0x00000000ffd80000, 0x0000000100000000)
  eden space 241152K, 0% used [0x00000000eab00000,0x00000000eab00000,0x00000000f9680000)
  from space 31232K, 98% used [0x00000000f9680000,0x00000000fb49f6a8,0x00000000fb500000)
  to   space 52736K, 0% used [0x00000000fca00000,0x00000000fca00000,0x00000000ffd80000)
 ParOldGen       total 147456K, used 51424K [0x00000000c0000000, 0x00000000c9000000, 0x00000000eab00000)
  object space 147456K, 34% used [0x00000000c0000000,0x00000000c3238190,0x00000000c9000000)
 Metaspace       used 64309K, capacity 66012K, committed 66048K, reserved 1105920K
  class space    used 8293K, capacity 8698K, committed 8704K, reserved 1048576K
Event: 320.210 GC heap after
Heap after GC invocations=26 (full 5):
 PSYoungGen      total 272384K, used 0K [0x00000000eab00000, 0x00000000ffd80000, 0x0000000100000000)
  eden space 241152K, 0% used [0x00000000eab00000,0x00000000eab00000,0x00000000f9680000)
  from space 31232K, 0% used [0x00000000f9680000,0x00000000f9680000,0x00000000fb500000)
  to   space 52736K, 0% used [0x00000000fca00000,0x00000000fca00000,0x00000000ffd80000)
 ParOldGen       total 147456K, used 52419K [0x00000000c0000000, 0x00000000c9000000, 0x00000000eab00000)
  object space 147456K, 35% used [0x00000000c0000000,0x00000000c3330e38,0x00000000c9000000)
 Metaspace       used 63992K, capacity 65670K, committed 66048K, reserved 1105920K
  class space    used 8244K, capacity 8628K, committed 8704K, reserved 1048576K
}
Event: 338.042 GC heap before
{Heap before GC invocations=27 (full 5):
 PSYoungGen      total 272384K, used 241152K [0x00000000eab00000, 0x00000000ffd80000, 0x0000000100000000)
  eden space 241152K, 100% used [0x00000000eab00000,0x00000000f9680000,0x00000000f9680000)
  from space 31232K, 0% used [0x00000000f9680000,0x00000000f9680000,0x00000000fb500000)
  to   space 52736K, 0% used [0x00000000fca00000,0x00000000fca00000,0x00000000ffd80000)
 ParOldGen       total 147456K, used 52419K [0x00000000c0000000, 0x00000000c9000000, 0x00000000eab00000)
  object space 147456K, 35% used [0x00000000c0000000,0x00000000c3330e38,0x00000000c9000000)
 Metaspace       used 65243K, capacity 67356K, committed 67584K, reserved 1107968K
  class space    used 8452K, capacity 8939K, committed 8960K, reserved 1048576K
Event: 338.244 GC heap after
Heap after GC invocations=27 (full 5):
 PSYoungGen      total 294912K, used 15349K [0x00000000eab00000, 0x0000000100000000, 0x0000000100000000)
  eden space 242176K, 0% used [0x00000000eab00000,0x00000000eab00000,0x00000000f9780000)
  from space 52736K, 29% used [0x00000000fca00000,0x00000000fd8fd470,0x00000000ffd80000)
  to   space 51712K, 0% used [0x00000000f9780000,0x00000000f9780000,0x00000000fca00000)
 ParOldGen       total 147456K, used 52427K [0x00000000c0000000, 0x00000000c9000000, 0x00000000eab00000)
  object space 147456K, 35% used [0x00000000c0000000,0x00000000c3332e38,0x00000000c9000000)
 Metaspace       used 65243K, capacity 67356K, committed 67584K, reserved 1107968K
  class space    used 8452K, capacity 8939K, committed 8960K, reserved 1048576K
}
Event: 405.657 GC heap before
{Heap before GC invocations=28 (full 5):
 PSYoungGen      total 294912K, used 257525K [0x00000000eab00000, 0x0000000100000000, 0x0000000100000000)
  eden space 242176K, 100% used [0x00000000eab00000,0x00000000f9780000,0x00000000f9780000)
  from space 52736K, 29% used [0x00000000fca00000,0x00000000fd8fd470,0x00000000ffd80000)
  to   space 51712K, 0% used [0x00000000f9780000,0x00000000f9780000,0x00000000fca00000)
 ParOldGen       total 147456K, used 52427K [0x00000000c0000000, 0x00000000c9000000, 0x00000000eab00000)
  object space 147456K, 35% used [0x00000000c0000000,0x00000000c3332e38,0x00000000c9000000)
 Metaspace       used 67130K, capacity 69818K, committed 70144K, reserved 1110016K
  class space    used 8786K, capacity 9387K, committed 9472K, reserved 1048576K
Event: 405.690 GC heap after
Heap after GC invocations=28 (full 5):
 PSYoungGen      total 293888K, used 21807K [0x00000000eab00000, 0x00000000ffa00000, 0x0000000100000000)
  eden space 242176K, 0% used [0x00000000eab00000,0x00000000eab00000,0x00000000f9780000)
  from space 51712K, 42% used [0x00000000f9780000,0x00000000faccbec8,0x00000000fca00000)
  to   space 49152K, 0% used [0x00000000fca00000,0x00000000fca00000,0x00000000ffa00000)
 ParOldGen       total 147456K, used 52435K [0x00000000c0000000, 0x00000000c9000000, 0x00000000eab00000)
  object space 147456K, 35% used [0x00000000c0000000,0x00000000c3334e38,0x00000000c9000000)
 Metaspace       used 67130K, capacity 69818K, committed 70144K, reserved 1110016K
  class space    used 8786K, capacity 9387K, committed 9472K, reserved 1048576K
}
Event: 437.120 GC heap before
{Heap before GC invocations=29 (full 5):
 PSYoungGen      total 293888K, used 263983K [0x00000000eab00000, 0x00000000ffa00000, 0x0000000100000000)
  eden space 242176K, 100% used [0x00000000eab00000,0x00000000f9780000,0x00000000f9780000)
  from space 51712K, 42% used [0x00000000f9780000,0x00000000faccbec8,0x00000000fca00000)
  to   space 49152K, 0% used [0x00000000fca00000,0x00000000fca00000,0x00000000ffa00000)
 ParOldGen       total 147456K, used 52435K [0x00000000c0000000, 0x00000000c9000000, 0x00000000eab00000)
  object space 147456K, 35% used [0x00000000c0000000,0x00000000c3334e38,0x00000000c9000000)
 Metaspace       used 67610K, capacity 70514K, committed 70784K, reserved 1110016K
  class space    used 8844K, capacity 9481K, committed 9600K, reserved 1048576K
Event: 437.145 GC heap after
Heap after GC invocations=29 (full 5):
 PSYoungGen      total 294912K, used 27894K [0x00000000eab00000, 0x00000000ffb80000, 0x0000000100000000)
  eden space 245760K, 0% used [0x00000000eab00000,0x00000000eab00000,0x00000000f9b00000)
  from space 49152K, 56% used [0x00000000fca00000,0x00000000fe53da08,0x00000000ffa00000)
  to   space 48128K, 0% used [0x00000000f9b00000,0x00000000f9b00000,0x00000000fca00000)
 ParOldGen       total 147456K, used 52443K [0x00000000c0000000, 0x00000000c9000000, 0x00000000eab00000)
  object space 147456K, 35% used [0x00000000c0000000,0x00000000c3336e38,0x00000000c9000000)
 Metaspace       used 67610K, capacity 70514K, committed 70784K, reserved 1110016K
  class space    used 8844K, capacity 9481K, committed 9600K, reserved 1048576K
}

