# JRE version: Java(TM) SE Runtime Environment (8.0_60-b27) (build 1.8.0_60-b27)
# Java VM: Java HotSpot(TM) 64-Bit Server VM (25.60-b23 mixed mode windows-amd64 compressed oops)
Heap:
 PSYoungGen      total 310272K, used 293068K [0x00000000eab00000, 0x00000000ffe00000, 0x0000000100000000)
  eden space 300032K, 94% used [0x00000000eab00000,0x00000000fbf75068,0x00000000fd000000)
  from space 10240K, 97% used [0x00000000fd000000,0x00000000fd9be290,0x00000000fda00000)
  to   space 23552K, 0% used [0x00000000fe700000,0x00000000fe700000,0x00000000ffe00000)
 ParOldGen       total 55296K, used 43539K [0x00000000c0000000, 0x00000000c3600000, 0x00000000eab00000)
  object space 55296K, 78% used [0x00000000c0000000,0x00000000c2a84ea0,0x00000000c3600000)
 Metaspace       used 56124K, capacity 57358K, committed 57472K, reserved 1099776K
  class space    used 7397K, capacity 7771K, committed 7808K, reserved 1048576K
GC Heap History (10 events):
Event: 22.153 GC heap before
{Heap before GC invocations=13 (full 2):
 PSYoungGen      total 157696K, used 145920K [0x00000000eab00000, 0x00000000f5180000, 0x0000000100000000)
  eden space 145920K, 100% used [0x00000000eab00000,0x00000000f3980000,0x00000000f3980000)
  from space 11776K, 0% used [0x00000000f4580000,0x00000000f4580000,0x00000000f5100000)
  to   space 12288K, 0% used [0x00000000f3980000,0x00000000f3980000,0x00000000f4580000)
 ParOldGen       total 55296K, used 19676K [0x00000000c0000000, 0x00000000c3600000, 0x00000000eab00000)
  object space 55296K, 35% used [0x00000000c0000000,0x00000000c1337228,0x00000000c3600000)
 Metaspace       used 39398K, capacity 40060K, committed 40320K, reserved 1083392K
  class space    used 5293K, capacity 5476K, committed 5504K, reserved 1048576K
Event: 22.164 GC heap after
Heap after GC invocations=13 (full 2):
 PSYoungGen      total 158208K, used 9775K [0x00000000eab00000, 0x00000000f9a00000, 0x0000000100000000)
  eden space 145920K, 0% used [0x00000000eab00000,0x00000000eab00000,0x00000000f3980000)
  from space 12288K, 79% used [0x00000000f3980000,0x00000000f430bc78,0x00000000f4580000)
  to   space 13312K, 0% used [0x00000000f8d00000,0x00000000f8d00000,0x00000000f9a00000)
 ParOldGen       total 55296K, used 19684K [0x00000000c0000000, 0x00000000c3600000, 0x00000000eab00000)
  object space 55296K, 35% used [0x00000000c0000000,0x00000000c1339228,0x00000000c3600000)
 Metaspace       used 39398K, capacity 40060K, committed 40320K, reserved 1083392K
  class space    used 5293K, capacity 5476K, committed 5504K, reserved 1048576K
}
Event: 30.303 GC heap before
{Heap before GC invocations=14 (full 2):
 PSYoungGen      total 158208K, used 155695K [0x00000000eab00000, 0x00000000f9a00000, 0x0000000100000000)
  eden space 145920K, 100% used [0x00000000eab00000,0x00000000f3980000,0x00000000f3980000)
  from space 12288K, 79% used [0x00000000f3980000,0x00000000f430bc78,0x00000000f4580000)
  to   space 13312K, 0% used [0x00000000f8d00000,0x00000000f8d00000,0x00000000f9a00000)
 ParOldGen       total 55296K, used 19684K [0x00000000c0000000, 0x00000000c3600000, 0x00000000eab00000)
  object space 55296K, 35% used [0x00000000c0000000,0x00000000c1339228,0x00000000c3600000)
 Metaspace       used 44348K, capacity 45200K, committed 45312K, reserved 1087488K
  class space    used 6076K, capacity 6300K, committed 6400K, reserved 1048576K
Event: 30.323 GC heap after
Heap after GC invocations=14 (full 2):
 PSYoungGen      total 227328K, used 13286K [0x00000000eab00000, 0x00000000f9e00000, 0x0000000100000000)
  eden space 214016K, 0% used [0x00000000eab00000,0x00000000eab00000,0x00000000f7c00000)
  from space 13312K, 99% used [0x00000000f8d00000,0x00000000f99f9be8,0x00000000f9a00000)
  to   space 17408K, 0% used [0x00000000f7c00000,0x00000000f7c00000,0x00000000f8d00000)
 ParOldGen       total 55296K, used 26350K [0x00000000c0000000, 0x00000000c3600000, 0x00000000eab00000)
  object space 55296K, 47% used [0x00000000c0000000,0x00000000c19bb8b0,0x00000000c3600000)
 Metaspace       used 44348K, capacity 45200K, committed 45312K, reserved 1087488K
  class space    used 6076K, capacity 6300K, committed 6400K, reserved 1048576K
}
Event: 46.788 GC heap before
{Heap before GC invocations=15 (full 2):
 PSYoungGen      total 227328K, used 227302K [0x00000000eab00000, 0x00000000f9e00000, 0x0000000100000000)
  eden space 214016K, 100% used [0x00000000eab00000,0x00000000f7c00000,0x00000000f7c00000)
  from space 13312K, 99% used [0x00000000f8d00000,0x00000000f99f9be8,0x00000000f9a00000)
  to   space 17408K, 0% used [0x00000000f7c00000,0x00000000f7c00000,0x00000000f8d00000)
 ParOldGen       total 55296K, used 26350K [0x00000000c0000000, 0x00000000c3600000, 0x00000000eab00000)
  object space 55296K, 47% used [0x00000000c0000000,0x00000000c19bb8b0,0x00000000c3600000)
 Metaspace       used 47205K, capacity 48238K, committed 48512K, reserved 1091584K
  class space    used 6428K, capacity 6740K, committed 6784K, reserved 1048576K
Event: 46.820 GC heap after
Heap after GC invocations=15 (full 2):
 PSYoungGen      total 231424K, used 17397K [0x00000000eab00000, 0x0000000100000000, 0x0000000100000000)
  eden space 214016K, 0% used [0x00000000eab00000,0x00000000eab00000,0x00000000f7c00000)
  from space 17408K, 99% used [0x00000000f7c00000,0x00000000f8cfd470,0x00000000f8d00000)
  to   space 24576K, 0% used [0x00000000fe800000,0x00000000fe800000,0x0000000100000000)
 ParOldGen       total 55296K, used 39563K [0x00000000c0000000, 0x00000000c3600000, 0x00000000eab00000)
  object space 55296K, 71% used [0x00000000c0000000,0x00000000c26a2c90,0x00000000c3600000)
 Metaspace       used 47205K, capacity 48238K, committed 48512K, reserved 1091584K
  class space    used 6428K, capacity 6740K, committed 6784K, reserved 1048576K
}
Event: 68.562 GC heap before
{Heap before GC invocations=16 (full 2):
 PSYoungGen      total 231424K, used 231413K [0x00000000eab00000, 0x0000000100000000, 0x0000000100000000)
  eden space 214016K, 100% used [0x00000000eab00000,0x00000000f7c00000,0x00000000f7c00000)
  from space 17408K, 99% used [0x00000000f7c00000,0x00000000f8cfd470,0x00000000f8d00000)
  to   space 24576K, 0% used [0x00000000fe800000,0x00000000fe800000,0x0000000100000000)
 ParOldGen       total 55296K, used 39563K [0x00000000c0000000, 0x00000000c3600000, 0x00000000eab00000)
  object space 55296K, 71% used [0x00000000c0000000,0x00000000c26a2c90,0x00000000c3600000)
 Metaspace       used 47676K, capacity 48718K, committed 48768K, reserved 1091584K
  class space    used 6454K, capacity 6772K, committed 6784K, reserved 1048576K
Event: 68.582 GC heap after
Heap after GC invocations=16 (full 2):
 PSYoungGen      total 324608K, used 1888K [0x00000000eab00000, 0x0000000100000000, 0x0000000100000000)
  eden space 300032K, 0% used [0x00000000eab00000,0x00000000eab00000,0x00000000fd000000)
  from space 24576K, 7% used [0x00000000fe800000,0x00000000fe9d8060,0x0000000100000000)
  to   space 24576K, 0% used [0x00000000fd000000,0x00000000fd000000,0x00000000fe800000)
 ParOldGen       total 55296K, used 42543K [0x00000000c0000000, 0x00000000c3600000, 0x00000000eab00000)
  object space 55296K, 76% used [0x00000000c0000000,0x00000000c298bd00,0x00000000c3600000)
 Metaspace       used 47676K, capacity 48718K, committed 48768K, reserved 1091584K
  class space    used 6454K, capacity 6772K, committed 6784K, reserved 1048576K
}
Event: 71.322 GC heap before
{Heap before GC invocations=17 (full 2):
 PSYoungGen      total 324608K, used 301920K [0x00000000eab00000, 0x0000000100000000, 0x0000000100000000)
  eden space 300032K, 100% used [0x00000000eab00000,0x00000000fd000000,0x00000000fd000000)
  from space 24576K, 7% used [0x00000000fe800000,0x00000000fe9d8060,0x0000000100000000)
  to   space 24576K, 0% used [0x00000000fd000000,0x00000000fd000000,0x00000000fe800000)
 ParOldGen       total 55296K, used 42543K [0x00000000c0000000, 0x00000000c3600000, 0x00000000eab00000)
  object space 55296K, 76% used [0x00000000c0000000,0x00000000c298bd00,0x00000000c3600000)
 Metaspace       used 48153K, capacity 49262K, committed 49408K, reserved 1091584K
  class space    used 6498K, capacity 6804K, committed 6912K, reserved 1048576K
Event: 71.334 GC heap after
Heap after GC invocations=17 (full 2):
 PSYoungGen      total 310272K, used 9976K [0x00000000eab00000, 0x00000000ffe00000, 0x0000000100000000)
  eden space 300032K, 0% used [0x00000000eab00000,0x00000000eab00000,0x00000000fd000000)
  from space 10240K, 97% used [0x00000000fd000000,0x00000000fd9be290,0x00000000fda00000)
  to   space 23552K, 0% used [0x00000000fe700000,0x00000000fe700000,0x00000000ffe00000)
 ParOldGen       total 55296K, used 43539K [0x00000000c0000000, 0x00000000c3600000, 0x00000000eab00000)
  object space 55296K, 78% used [0x00000000c0000000,0x00000000c2a84ea0,0x00000000c3600000)
 Metaspace       used 48153K, capacity 49262K, committed 49408K, reserved 1091584K
  class space    used 6498K, capacity 6804K, committed 6912K, reserved 1048576K
}

