# JRE version: Java(TM) SE Runtime Environment (8.0_60-b27) (build 1.8.0_60-b27)
# Java VM: Java HotSpot(TM) 64-Bit Server VM (25.60-b23 mixed mode windows-amd64 compressed oops)
Heap:
 PSYoungGen      total 171008K, used 89177K [0x00000000eab00000, 0x00000000f6c80000, 0x0000000100000000)
  eden space 155136K, 50% used [0x00000000eab00000,0x00000000ef70a540,0x00000000f4280000)
  from space 15872K, 71% used [0x00000000f5d00000,0x00000000f680c0d0,0x00000000f6c80000)
  to   space 21504K, 0% used [0x00000000f4280000,0x00000000f4280000,0x00000000f5780000)
 ParOldGen       total 82944K, used 50133K [0x00000000c0000000, 0x00000000c5100000, 0x00000000eab00000)
  object space 82944K, 60% used [0x00000000c0000000,0x00000000c30f5470,0x00000000c5100000)
 Metaspace       used 68565K, capacity 74328K, committed 74624K, reserved 1114112K
  class space    used 8957K, capacity 9785K, committed 9856K, reserved 1048576K
GC Heap History (10 events):
Event: 6107.974 GC heap before
{Heap before GC invocations=51 (full 13):
 PSYoungGen      total 186368K, used 720K [0x00000000eab00000, 0x00000000f7680000, 0x0000000100000000)
  eden space 164352K, 0% used [0x00000000eab00000,0x00000000eab00000,0x00000000f4b80000)
  from space 22016K, 3% used [0x00000000f6100000,0x00000000f61b4010,0x00000000f7680000)
  to   space 22016K, 0% used [0x00000000f4b80000,0x00000000f4b80000,0x00000000f6100000)
 ParOldGen       total 82944K, used 50987K [0x00000000c0000000, 0x00000000c5100000, 0x00000000eab00000)
  object space 82944K, 61% used [0x00000000c0000000,0x00000000c31cad10,0x00000000c5100000)
 Metaspace       used 67589K, capacity 72888K, committed 73216K, reserved 1112064K
  class space    used 8852K, capacity 9646K, committed 9728K, reserved 1048576K
Event: 6108.213 GC heap after
Heap after GC invocations=51 (full 13):
 PSYoungGen      total 186368K, used 0K [0x00000000eab00000, 0x00000000f7680000, 0x0000000100000000)
  eden space 164352K, 0% used [0x00000000eab00000,0x00000000eab00000,0x00000000f4b80000)
  from space 22016K, 0% used [0x00000000f6100000,0x00000000f6100000,0x00000000f7680000)
  to   space 22016K, 0% used [0x00000000f4b80000,0x00000000f4b80000,0x00000000f6100000)
 ParOldGen       total 82944K, used 50109K [0x00000000c0000000, 0x00000000c5100000, 0x00000000eab00000)
  object space 82944K, 60% used [0x00000000c0000000,0x00000000c30ef470,0x00000000c5100000)
 Metaspace       used 67537K, capacity 72712K, committed 73216K, reserved 1112064K
  class space    used 8837K, capacity 9630K, committed 9728K, reserved 1048576K
}
Event: 6163.421 GC heap before
{Heap before GC invocations=52 (full 13):
 PSYoungGen      total 186368K, used 164352K [0x00000000eab00000, 0x00000000f7680000, 0x0000000100000000)
  eden space 164352K, 100% used [0x00000000eab00000,0x00000000f4b80000,0x00000000f4b80000)
  from space 22016K, 0% used [0x00000000f6100000,0x00000000f6100000,0x00000000f7680000)
  to   space 22016K, 0% used [0x00000000f4b80000,0x00000000f4b80000,0x00000000f6100000)
 ParOldGen       total 82944K, used 50109K [0x00000000c0000000, 0x00000000c5100000, 0x00000000eab00000)
  object space 82944K, 60% used [0x00000000c0000000,0x00000000c30ef470,0x00000000c5100000)
 Metaspace       used 67717K, capacity 73030K, committed 73216K, reserved 1112064K
  class space    used 8867K, capacity 9664K, committed 9728K, reserved 1048576K
Event: 6163.439 GC heap after
Heap after GC invocations=52 (full 13):
 PSYoungGen      total 186368K, used 4152K [0x00000000eab00000, 0x00000000f7680000, 0x0000000100000000)
  eden space 164352K, 0% used [0x00000000eab00000,0x00000000eab00000,0x00000000f4b80000)
  from space 22016K, 18% used [0x00000000f4b80000,0x00000000f4f8e1b8,0x00000000f6100000)
  to   space 20480K, 0% used [0x00000000f6280000,0x00000000f6280000,0x00000000f7680000)
 ParOldGen       total 82944K, used 50109K [0x00000000c0000000, 0x00000000c5100000, 0x00000000eab00000)
  object space 82944K, 60% used [0x00000000c0000000,0x00000000c30ef470,0x00000000c5100000)
 Metaspace       used 67717K, capacity 73030K, committed 73216K, reserved 1112064K
  class space    used 8867K, capacity 9664K, committed 9728K, reserved 1048576K
}
Event: 6174.685 GC heap before
{Heap before GC invocations=53 (full 13):
 PSYoungGen      total 186368K, used 168504K [0x00000000eab00000, 0x00000000f7680000, 0x0000000100000000)
  eden space 164352K, 100% used [0x00000000eab00000,0x00000000f4b80000,0x00000000f4b80000)
  from space 22016K, 18% used [0x00000000f4b80000,0x00000000f4f8e1b8,0x00000000f6100000)
  to   space 20480K, 0% used [0x00000000f6280000,0x00000000f6280000,0x00000000f7680000)
 ParOldGen       total 82944K, used 50109K [0x00000000c0000000, 0x00000000c5100000, 0x00000000eab00000)
  object space 82944K, 60% used [0x00000000c0000000,0x00000000c30ef470,0x00000000c5100000)
 Metaspace       used 68130K, capacity 73620K, committed 73856K, reserved 1114112K
  class space    used 8927K, capacity 9755K, committed 9856K, reserved 1048576K
Event: 6174.710 GC heap after
Heap after GC invocations=53 (full 13):
 PSYoungGen      total 187392K, used 11016K [0x00000000eab00000, 0x00000000f7880000, 0x0000000100000000)
  eden space 166912K, 0% used [0x00000000eab00000,0x00000000eab00000,0x00000000f4e00000)
  from space 20480K, 53% used [0x00000000f6280000,0x00000000f6d42030,0x00000000f7680000)
  to   space 20992K, 0% used [0x00000000f4e00000,0x00000000f4e00000,0x00000000f6280000)
 ParOldGen       total 82944K, used 50117K [0x00000000c0000000, 0x00000000c5100000, 0x00000000eab00000)
  object space 82944K, 60% used [0x00000000c0000000,0x00000000c30f1470,0x00000000c5100000)
 Metaspace       used 68130K, capacity 73620K, committed 73856K, reserved 1114112K
  class space    used 8927K, capacity 9755K, committed 9856K, reserved 1048576K
}
Event: 9410.323 GC heap before
{Heap before GC invocations=54 (full 13):
 PSYoungGen      total 187392K, used 177928K [0x00000000eab00000, 0x00000000f7880000, 0x0000000100000000)
  eden space 166912K, 100% used [0x00000000eab00000,0x00000000f4e00000,0x00000000f4e00000)
  from space 20480K, 53% used [0x00000000f6280000,0x00000000f6d42030,0x00000000f7680000)
  to   space 20992K, 0% used [0x00000000f4e00000,0x00000000f4e00000,0x00000000f6280000)
 ParOldGen       total 82944K, used 50117K [0x00000000c0000000, 0x00000000c5100000, 0x00000000eab00000)
  object space 82944K, 60% used [0x00000000c0000000,0x00000000c30f1470,0x00000000c5100000)
 Metaspace       used 68354K, capacity 73994K, committed 74112K, reserved 1114112K
  class space    used 8943K, capacity 9772K, committed 9856K, reserved 1048576K
Event: 9410.338 GC heap after
Heap after GC invocations=54 (full 13):
 PSYoungGen      total 172032K, used 11136K [0x00000000eab00000, 0x00000000f7200000, 0x0000000100000000)
  eden space 160768K, 0% used [0x00000000eab00000,0x00000000eab00000,0x00000000f4800000)
  from space 11264K, 98% used [0x00000000f4e00000,0x00000000f58e00e0,0x00000000f5900000)
  to   space 21504K, 0% used [0x00000000f5d00000,0x00000000f5d00000,0x00000000f7200000)
 ParOldGen       total 82944K, used 50125K [0x00000000c0000000, 0x00000000c5100000, 0x00000000eab00000)
  object space 82944K, 60% used [0x00000000c0000000,0x00000000c30f3470,0x00000000c5100000)
 Metaspace       used 68354K, capacity 73994K, committed 74112K, reserved 1114112K
  class space    used 8943K, capacity 9772K, committed 9856K, reserved 1048576K
}
Event: 9420.093 GC heap before
{Heap before GC invocations=55 (full 13):
 PSYoungGen      total 172032K, used 171904K [0x00000000eab00000, 0x00000000f7200000, 0x0000000100000000)
  eden space 160768K, 100% used [0x00000000eab00000,0x00000000f4800000,0x00000000f4800000)
  from space 11264K, 98% used [0x00000000f4e00000,0x00000000f58e00e0,0x00000000f5900000)
  to   space 21504K, 0% used [0x00000000f5d00000,0x00000000f5d00000,0x00000000f7200000)
 ParOldGen       total 82944K, used 50125K [0x00000000c0000000, 0x00000000c5100000, 0x00000000eab00000)
  object space 82944K, 60% used [0x00000000c0000000,0x00000000c30f3470,0x00000000c5100000)
 Metaspace       used 68392K, capacity 74006K, committed 74112K, reserved 1114112K
  class space    used 8945K, capacity 9774K, committed 9856K, reserved 1048576K
Event: 9420.113 GC heap after
Heap after GC invocations=55 (full 13):
 PSYoungGen      total 171008K, used 11312K [0x00000000eab00000, 0x00000000f6c80000, 0x0000000100000000)
  eden space 155136K, 0% used [0x00000000eab00000,0x00000000eab00000,0x00000000f4280000)
  from space 15872K, 71% used [0x00000000f5d00000,0x00000000f680c0d0,0x00000000f6c80000)
  to   space 21504K, 0% used [0x00000000f4280000,0x00000000f4280000,0x00000000f5780000)
 ParOldGen       total 82944K, used 50133K [0x00000000c0000000, 0x00000000c5100000, 0x00000000eab00000)
  object space 82944K, 60% used [0x00000000c0000000,0x00000000c30f5470,0x00000000c5100000)
 Metaspace       used 68392K, capacity 74006K, committed 74112K, reserved 1114112K
  class space    used 8945K, capacity 9774K, committed 9856K, reserved 1048576K
}

