# JRE version: Java(TM) SE Runtime Environment (8.0_60-b27) (build 1.8.0_60-b27)
# Java VM: Java HotSpot(TM) 64-Bit Server VM (25.60-b23 mixed mode windows-amd64 compressed oops)
Heap:
 PSYoungGen      total 187392K, used 73991K [0x00000000eab00000, 0x00000000f8700000, 0x0000000100000000)
  eden space 160768K, 30% used [0x00000000eab00000,0x00000000eda85210,0x00000000f4800000)
  from space 26624K, 95% used [0x00000000f6600000,0x00000000f7ebcd30,0x00000000f8000000)
  to   space 30720K, 0% used [0x00000000f4800000,0x00000000f4800000,0x00000000f6600000)
 ParOldGen       total 66560K, used 35560K [0x00000000c0000000, 0x00000000c4100000, 0x00000000eab00000)
  object space 66560K, 53% used [0x00000000c0000000,0x00000000c22ba128,0x00000000c4100000)
 Metaspace       used 58420K, capacity 60464K, committed 60544K, reserved 1101824K
  class space    used 7603K, capacity 7994K, committed 8064K, reserved 1048576K
GC Heap History (10 events):
Event: 1466.491 GC heap before
{Heap before GC invocations=30 (full 5):
 PSYoungGen      total 173568K, used 80232K [0x00000000eab00000, 0x00000000f7900000, 0x0000000100000000)
  eden space 151552K, 41% used [0x00000000eab00000,0x00000000ee8de1a0,0x00000000f3f00000)
  from space 22016K, 76% used [0x00000000f5680000,0x00000000f66fc020,0x00000000f6c00000)
  to   space 24064K, 0% used [0x00000000f3f00000,0x00000000f3f00000,0x00000000f5680000)
 ParOldGen       total 66560K, used 35574K [0x00000000c0000000, 0x00000000c4100000, 0x00000000eab00000)
  object space 66560K, 53% used [0x00000000c0000000,0x00000000c22bd880,0x00000000c4100000)
 Metaspace       used 56125K, capacity 58034K, committed 58240K, reserved 1099776K
  class space    used 7351K, capacity 7699K, committed 7808K, reserved 1048576K
Event: 1466.497 GC heap after
Heap after GC invocations=30 (full 5):
 PSYoungGen      total 175616K, used 1255K [0x00000000eab00000, 0x00000000f7900000, 0x0000000100000000)
  eden space 151552K, 0% used [0x00000000eab00000,0x00000000eab00000,0x00000000f3f00000)
  from space 24064K, 5% used [0x00000000f3f00000,0x00000000f4039e30,0x00000000f5680000)
  to   space 24064K, 0% used [0x00000000f6180000,0x00000000f6180000,0x00000000f7900000)
 ParOldGen       total 66560K, used 35574K [0x00000000c0000000, 0x00000000c4100000, 0x00000000eab00000)
  object space 66560K, 53% used [0x00000000c0000000,0x00000000c22bd880,0x00000000c4100000)
 Metaspace       used 56125K, capacity 58034K, committed 58240K, reserved 1099776K
  class space    used 7351K, capacity 7699K, committed 7808K, reserved 1048576K
}
Event: 1466.497 GC heap before
{Heap before GC invocations=31 (full 6):
 PSYoungGen      total 175616K, used 1255K [0x00000000eab00000, 0x00000000f7900000, 0x0000000100000000)
  eden space 151552K, 0% used [0x00000000eab00000,0x00000000eab00000,0x00000000f3f00000)
  from space 24064K, 5% used [0x00000000f3f00000,0x00000000f4039e30,0x00000000f5680000)
  to   space 24064K, 0% used [0x00000000f6180000,0x00000000f6180000,0x00000000f7900000)
 ParOldGen       total 66560K, used 35574K [0x00000000c0000000, 0x00000000c4100000, 0x00000000eab00000)
  object space 66560K, 53% used [0x00000000c0000000,0x00000000c22bd880,0x00000000c4100000)
 Metaspace       used 56125K, capacity 58034K, committed 58240K, reserved 1099776K
  class space    used 7351K, capacity 7699K, committed 7808K, reserved 1048576K
Event: 1466.764 GC heap after
Heap after GC invocations=31 (full 6):
 PSYoungGen      total 175616K, used 0K [0x00000000eab00000, 0x00000000f7900000, 0x0000000100000000)
  eden space 151552K, 0% used [0x00000000eab00000,0x00000000eab00000,0x00000000f3f00000)
  from space 24064K, 0% used [0x00000000f3f00000,0x00000000f3f00000,0x00000000f5680000)
  to   space 24064K, 0% used [0x00000000f6180000,0x00000000f6180000,0x00000000f7900000)
 ParOldGen       total 66560K, used 35536K [0x00000000c0000000, 0x00000000c4100000, 0x00000000eab00000)
  object space 66560K, 53% used [0x00000000c0000000,0x00000000c22b4128,0x00000000c4100000)
 Metaspace       used 56125K, capacity 58034K, committed 58240K, reserved 1099776K
  class space    used 7351K, capacity 7699K, committed 7808K, reserved 1048576K
}
Event: 1663.997 GC heap before
{Heap before GC invocations=32 (full 6):
 PSYoungGen      total 175616K, used 151552K [0x00000000eab00000, 0x00000000f7900000, 0x0000000100000000)
  eden space 151552K, 100% used [0x00000000eab00000,0x00000000f3f00000,0x00000000f3f00000)
  from space 24064K, 0% used [0x00000000f3f00000,0x00000000f3f00000,0x00000000f5680000)
  to   space 24064K, 0% used [0x00000000f6180000,0x00000000f6180000,0x00000000f7900000)
 ParOldGen       total 66560K, used 35536K [0x00000000c0000000, 0x00000000c4100000, 0x00000000eab00000)
  object space 66560K, 53% used [0x00000000c0000000,0x00000000c22b4128,0x00000000c4100000)
 Metaspace       used 56654K, capacity 58640K, committed 58752K, reserved 1099776K
  class space    used 7411K, capacity 7772K, committed 7808K, reserved 1048576K
Event: 1664.007 GC heap after
Heap after GC invocations=32 (full 6):
 PSYoungGen      total 176640K, used 9364K [0x00000000eab00000, 0x00000000f7300000, 0x0000000100000000)
  eden space 158720K, 0% used [0x00000000eab00000,0x00000000eab00000,0x00000000f4600000)
  from space 17920K, 52% used [0x00000000f6180000,0x00000000f6aa5040,0x00000000f7300000)
  to   space 23040K, 0% used [0x00000000f4600000,0x00000000f4600000,0x00000000f5c80000)
 ParOldGen       total 66560K, used 35544K [0x00000000c0000000, 0x00000000c4100000, 0x00000000eab00000)
  object space 66560K, 53% used [0x00000000c0000000,0x00000000c22b6128,0x00000000c4100000)
 Metaspace       used 56654K, capacity 58640K, committed 58752K, reserved 1099776K
  class space    used 7411K, capacity 7772K, committed 7808K, reserved 1048576K
}
Event: 1699.439 GC heap before
{Heap before GC invocations=33 (full 6):
 PSYoungGen      total 176640K, used 168084K [0x00000000eab00000, 0x00000000f7300000, 0x0000000100000000)
  eden space 158720K, 100% used [0x00000000eab00000,0x00000000f4600000,0x00000000f4600000)
  from space 17920K, 52% used [0x00000000f6180000,0x00000000f6aa5040,0x00000000f7300000)
  to   space 23040K, 0% used [0x00000000f4600000,0x00000000f4600000,0x00000000f5c80000)
 ParOldGen       total 66560K, used 35544K [0x00000000c0000000, 0x00000000c4100000, 0x00000000eab00000)
  object space 66560K, 53% used [0x00000000c0000000,0x00000000c22b6128,0x00000000c4100000)
 Metaspace       used 57620K, capacity 59696K, committed 59904K, reserved 1101824K
  class space    used 7527K, capacity 7930K, committed 7936K, reserved 1048576K
Event: 1699.457 GC heap after
Heap after GC invocations=33 (full 6):
 PSYoungGen      total 181760K, used 21647K [0x00000000eab00000, 0x00000000f8000000, 0x0000000100000000)
  eden space 158720K, 0% used [0x00000000eab00000,0x00000000eab00000,0x00000000f4600000)
  from space 23040K, 93% used [0x00000000f4600000,0x00000000f5b23f10,0x00000000f5c80000)
  to   space 26624K, 0% used [0x00000000f6600000,0x00000000f6600000,0x00000000f8000000)
 ParOldGen       total 66560K, used 35552K [0x00000000c0000000, 0x00000000c4100000, 0x00000000eab00000)
  object space 66560K, 53% used [0x00000000c0000000,0x00000000c22b8128,0x00000000c4100000)
 Metaspace       used 57620K, capacity 59696K, committed 59904K, reserved 1101824K
  class space    used 7527K, capacity 7930K, committed 7936K, reserved 1048576K
}
Event: 1722.780 GC heap before
{Heap before GC invocations=34 (full 6):
 PSYoungGen      total 181760K, used 180367K [0x00000000eab00000, 0x00000000f8000000, 0x0000000100000000)
  eden space 158720K, 100% used [0x00000000eab00000,0x00000000f4600000,0x00000000f4600000)
  from space 23040K, 93% used [0x00000000f4600000,0x00000000f5b23f10,0x00000000f5c80000)
  to   space 26624K, 0% used [0x00000000f6600000,0x00000000f6600000,0x00000000f8000000)
 ParOldGen       total 66560K, used 35552K [0x00000000c0000000, 0x00000000c4100000, 0x00000000eab00000)
  object space 66560K, 53% used [0x00000000c0000000,0x00000000c22b8128,0x00000000c4100000)
 Metaspace       used 58372K, capacity 60400K, committed 60544K, reserved 1101824K
  class space    used 7600K, capacity 7994K, committed 8064K, reserved 1048576K
Event: 1722.804 GC heap after
Heap after GC invocations=34 (full 6):
 PSYoungGen      total 187392K, used 25331K [0x00000000eab00000, 0x00000000f8700000, 0x0000000100000000)
  eden space 160768K, 0% used [0x00000000eab00000,0x00000000eab00000,0x00000000f4800000)
  from space 26624K, 95% used [0x00000000f6600000,0x00000000f7ebcd30,0x00000000f8000000)
  to   space 30720K, 0% used [0x00000000f4800000,0x00000000f4800000,0x00000000f6600000)
 ParOldGen       total 66560K, used 35560K [0x00000000c0000000, 0x00000000c4100000, 0x00000000eab00000)
  object space 66560K, 53% used [0x00000000c0000000,0x00000000c22ba128,0x00000000c4100000)
 Metaspace       used 58372K, capacity 60400K, committed 60544K, reserved 1101824K
  class space    used 7600K, capacity 7994K, committed 8064K, reserved 1048576K
}

