# JRE version: Java(TM) SE Runtime Environment (8.0_60-b27) (build 1.8.0_60-b27)
# Java VM: Java HotSpot(TM) 64-Bit Server VM (25.60-b23 mixed mode windows-amd64 compressed oops)
Heap:
 PSYoungGen      total 223744K, used 159140K [0x00000000eab00000, 0x0000000100000000, 0x0000000100000000)
  eden space 125952K, 91% used [0x00000000eab00000,0x00000000f1b6a9e8,0x00000000f2600000)
  from space 97792K, 45% used [0x00000000f2600000,0x00000000f50fe9c0,0x00000000f8580000)
  to   space 95232K, 0% used [0x00000000fa300000,0x00000000fa300000,0x0000000100000000)
 ParOldGen       total 280576K, used 148800K [0x00000000c0000000, 0x00000000d1200000, 0x00000000eab00000)
  object space 280576K, 53% used [0x00000000c0000000,0x00000000c9150000,0x00000000d1200000)
 Metaspace       used 6456K, capacity 7192K, committed 7424K, reserved 1056768K
  class space    used 620K, capacity 656K, committed 768K, reserved 1048576K
GC Heap History (10 events):
Event: 8.453 GC heap before
{Heap before GC invocations=11 (full 1):
 PSYoungGen      total 223744K, used 223739K [0x00000000eab00000, 0x00000000fd300000, 0x0000000100000000)
  eden space 168960K, 100% used [0x00000000eab00000,0x00000000f5000000,0x00000000f5000000)
  from space 54784K, 99% used [0x00000000f5000000,0x00000000f857efa0,0x00000000f8580000)
  to   space 30208K, 0% used [0x00000000f8580000,0x00000000f8580000,0x00000000fa300000)
 ParOldGen       total 159744K, used 114145K [0x00000000c0000000, 0x00000000c9c00000, 0x00000000eab00000)
  object space 159744K, 71% used [0x00000000c0000000,0x00000000c6f78428,0x00000000c9c00000)
 Metaspace       used 6451K, capacity 7192K, committed 7424K, reserved 1056768K
  class space    used 620K, capacity 656K, committed 768K, reserved 1048576K
Event: 8.890 GC heap after
Heap after GC invocations=11 (full 1):
 PSYoungGen      total 223744K, used 223739K [0x00000000eab00000, 0x00000000fd300000, 0x0000000100000000)
  eden space 168960K, 100% used [0x00000000eab00000,0x00000000f5000000,0x00000000f5000000)
  from space 54784K, 99% used [0x00000000f5000000,0x00000000f857efa0,0x00000000f8580000)
  to   space 30208K, 99% used [0x00000000f8580000,0x00000000fa2fdbb8,0x00000000fa300000)
 ParOldGen       total 183808K, used 183800K [0x00000000c0000000, 0x00000000cb380000, 0x00000000eab00000)
  object space 183808K, 99% used [0x00000000c0000000,0x00000000cb37e0d0,0x00000000cb380000)
 Metaspace       used 6451K, capacity 7192K, committed 7424K, reserved 1056768K
  class space    used 620K, capacity 656K, committed 768K, reserved 1048576K
}
Event: 8.890 GC heap before
{Heap before GC invocations=12 (full 2):
 PSYoungGen      total 223744K, used 223739K [0x00000000eab00000, 0x00000000fd300000, 0x0000000100000000)
  eden space 168960K, 100% used [0x00000000eab00000,0x00000000f5000000,0x00000000f5000000)
  from space 54784K, 99% used [0x00000000f5000000,0x00000000f857efa0,0x00000000f8580000)
  to   space 30208K, 99% used [0x00000000f8580000,0x00000000fa2fdbb8,0x00000000fa300000)
 ParOldGen       total 183808K, used 183800K [0x00000000c0000000, 0x00000000cb380000, 0x00000000eab00000)
  object space 183808K, 99% used [0x00000000c0000000,0x00000000cb37e0d0,0x00000000cb380000)
 Metaspace       used 6451K, capacity 7192K, committed 7424K, reserved 1056768K
  class space    used 620K, capacity 656K, committed 768K, reserved 1048576K
Event: 9.267 GC heap after
Heap after GC invocations=12 (full 2):
 PSYoungGen      total 223744K, used 0K [0x00000000eab00000, 0x00000000fd300000, 0x0000000100000000)
  eden space 168960K, 0% used [0x00000000eab00000,0x00000000eab00000,0x00000000f5000000)
  from space 54784K, 0% used [0x00000000f5000000,0x00000000f5000000,0x00000000f8580000)
  to   space 30208K, 0% used [0x00000000f8580000,0x00000000f8580000,0x00000000fa300000)
 ParOldGen       total 234496K, used 139371K [0x00000000c0000000, 0x00000000ce500000, 0x00000000eab00000)
  object space 234496K, 59% used [0x00000000c0000000,0x00000000c881ade8,0x00000000ce500000)
 Metaspace       used 6451K, capacity 7192K, committed 7424K, reserved 1056768K
  class space    used 620K, capacity 656K, committed 768K, reserved 1048576K
}
Event: 10.820 GC heap before
{Heap before GC invocations=13 (full 2):
 PSYoungGen      total 223744K, used 168960K [0x00000000eab00000, 0x00000000fd300000, 0x0000000100000000)
  eden space 168960K, 100% used [0x00000000eab00000,0x00000000f5000000,0x00000000f5000000)
  from space 54784K, 0% used [0x00000000f5000000,0x00000000f5000000,0x00000000f8580000)
  to   space 30208K, 0% used [0x00000000f8580000,0x00000000f8580000,0x00000000fa300000)
 ParOldGen       total 234496K, used 139371K [0x00000000c0000000, 0x00000000ce500000, 0x00000000eab00000)
  object space 234496K, 59% used [0x00000000c0000000,0x00000000c881ade8,0x00000000ce500000)
 Metaspace       used 6456K, capacity 7192K, committed 7424K, reserved 1056768K
  class space    used 620K, capacity 656K, committed 768K, reserved 1048576K
Event: 10.911 GC heap after
Heap after GC invocations=13 (full 2):
 PSYoungGen      total 156160K, used 30186K [0x00000000eab00000, 0x0000000100000000, 0x0000000100000000)
  eden space 125952K, 0% used [0x00000000eab00000,0x00000000eab00000,0x00000000f2600000)
  from space 30208K, 99% used [0x00000000f8580000,0x00000000fa2faab0,0x00000000fa300000)
  to   space 97792K, 0% used [0x00000000f2600000,0x00000000f2600000,0x00000000f8580000)
 ParOldGen       total 234496K, used 206580K [0x00000000c0000000, 0x00000000ce500000, 0x00000000eab00000)
  object space 234496K, 88% used [0x00000000c0000000,0x00000000cc9bd3d8,0x00000000ce500000)
 Metaspace       used 6456K, capacity 7192K, committed 7424K, reserved 1056768K
  class space    used 620K, capacity 656K, committed 768K, reserved 1048576K
}
Event: 10.911 GC heap before
{Heap before GC invocations=14 (full 3):
 PSYoungGen      total 156160K, used 30186K [0x00000000eab00000, 0x0000000100000000, 0x0000000100000000)
  eden space 125952K, 0% used [0x00000000eab00000,0x00000000eab00000,0x00000000f2600000)
  from space 30208K, 99% used [0x00000000f8580000,0x00000000fa2faab0,0x00000000fa300000)
  to   space 97792K, 0% used [0x00000000f2600000,0x00000000f2600000,0x00000000f8580000)
 ParOldGen       total 234496K, used 206580K [0x00000000c0000000, 0x00000000ce500000, 0x00000000eab00000)
  object space 234496K, 88% used [0x00000000c0000000,0x00000000cc9bd3d8,0x00000000ce500000)
 Metaspace       used 6456K, capacity 7192K, committed 7424K, reserved 1056768K
  class space    used 620K, capacity 656K, committed 768K, reserved 1048576K
Event: 11.601 GC heap after
Heap after GC invocations=14 (full 3):
 PSYoungGen      total 156160K, used 0K [0x00000000eab00000, 0x0000000100000000, 0x0000000100000000)
  eden space 125952K, 0% used [0x00000000eab00000,0x00000000eab00000,0x00000000f2600000)
  from space 30208K, 0% used [0x00000000f8580000,0x00000000f8580000,0x00000000fa300000)
  to   space 97792K, 0% used [0x00000000f2600000,0x00000000f2600000,0x00000000f8580000)
 ParOldGen       total 280576K, used 148800K [0x00000000c0000000, 0x00000000d1200000, 0x00000000eab00000)
  object space 280576K, 53% used [0x00000000c0000000,0x00000000c9150000,0x00000000d1200000)
 Metaspace       used 6456K, capacity 7192K, committed 7424K, reserved 1056768K
  class space    used 620K, capacity 656K, committed 768K, reserved 1048576K
}
Event: 12.003 GC heap before
{Heap before GC invocations=15 (full 3):
 PSYoungGen      total 156160K, used 125952K [0x00000000eab00000, 0x0000000100000000, 0x0000000100000000)
  eden space 125952K, 100% used [0x00000000eab00000,0x00000000f2600000,0x00000000f2600000)
  from space 30208K, 0% used [0x00000000f8580000,0x00000000f8580000,0x00000000fa300000)
  to   space 97792K, 0% used [0x00000000f2600000,0x00000000f2600000,0x00000000f8580000)
 ParOldGen       total 280576K, used 148800K [0x00000000c0000000, 0x00000000d1200000, 0x00000000eab00000)
  object space 280576K, 53% used [0x00000000c0000000,0x00000000c9150000,0x00000000d1200000)
 Metaspace       used 6456K, capacity 7192K, committed 7424K, reserved 1056768K
  class space    used 620K, capacity 656K, committed 768K, reserved 1048576K
Event: 12.097 GC heap after
Heap after GC invocations=15 (full 3):
 PSYoungGen      total 223744K, used 44026K [0x00000000eab00000, 0x0000000100000000, 0x0000000100000000)
  eden space 125952K, 0% used [0x00000000eab00000,0x00000000eab00000,0x00000000f2600000)
  from space 97792K, 45% used [0x00000000f2600000,0x00000000f50fe9c0,0x00000000f8580000)
  to   space 95232K, 0% used [0x00000000fa300000,0x00000000fa300000,0x0000000100000000)
 ParOldGen       total 280576K, used 148800K [0x00000000c0000000, 0x00000000d1200000, 0x00000000eab00000)
  object space 280576K, 53% used [0x00000000c0000000,0x00000000c9150000,0x00000000d1200000)
 Metaspace       used 6456K, capacity 7192K, committed 7424K, reserved 1056768K
  class space    used 620K, capacity 656K, committed 768K, reserved 1048576K
}

