# JRE version: Java(TM) SE Runtime Environment (8.0_60-b27) (build 1.8.0_60-b27)
# Java VM: Java HotSpot(TM) 64-Bit Server VM (25.60-b23 mixed mode windows-amd64 compressed oops)
Heap:
 PSYoungGen      total 173056K, used 2391K [0x00000000eab00000, 0x00000000fb600000, 0x0000000100000000)
  eden space 109568K, 2% used [0x00000000eab00000,0x00000000ead55eb0,0x00000000f1600000)
  from space 63488K, 0% used [0x00000000f3a00000,0x00000000f3a00000,0x00000000f7800000)
  to   space 39936K, 0% used [0x00000000f8f00000,0x00000000f8f00000,0x00000000fb600000)
 ParOldGen       total 173056K, used 134099K [0x00000000c0000000, 0x00000000ca900000, 0x00000000eab00000)
  object space 173056K, 77% used [0x00000000c0000000,0x00000000c82f4d68,0x00000000ca900000)
 Metaspace       used 6451K, capacity 7192K, committed 7424K, reserved 1056768K
  class space    used 620K, capacity 656K, committed 768K, reserved 1048576K
GC Heap History (10 events):
Event: 7.591 GC heap before
{Heap before GC invocations=9 (full 2):
 PSYoungGen      total 111104K, used 105418K [0x00000000eab00000, 0x00000000fb600000, 0x0000000100000000)
  eden space 96768K, 100% used [0x00000000eab00000,0x00000000f0980000,0x00000000f0980000)
  from space 14336K, 60% used [0x00000000f0980000,0x00000000f11f2910,0x00000000f1780000)
  to   space 39936K, 0% used [0x00000000f8f00000,0x00000000f8f00000,0x00000000fb600000)
 ParOldGen       total 65536K, used 65407K [0x00000000c0000000, 0x00000000c4000000, 0x00000000eab00000)
  object space 65536K, 99% used [0x00000000c0000000,0x00000000c3fdfe70,0x00000000c4000000)
 Metaspace       used 6446K, capacity 7192K, committed 7424K, reserved 1056768K
  class space    used 619K, capacity 656K, committed 768K, reserved 1048576K
Event: 8.126 GC heap after
Heap after GC invocations=9 (full 2):
 PSYoungGen      total 111104K, used 52271K [0x00000000eab00000, 0x00000000fb600000, 0x0000000100000000)
  eden space 96768K, 54% used [0x00000000eab00000,0x00000000ede0be10,0x00000000f0980000)
  from space 14336K, 0% used [0x00000000f0980000,0x00000000f0980000,0x00000000f1780000)
  to   space 39936K, 0% used [0x00000000f8f00000,0x00000000f8f00000,0x00000000fb600000)
 ParOldGen       total 173056K, used 65513K [0x00000000c0000000, 0x00000000ca900000, 0x00000000eab00000)
  object space 173056K, 37% used [0x00000000c0000000,0x00000000c3ffa678,0x00000000ca900000)
 Metaspace       used 6446K, capacity 7192K, committed 7424K, reserved 1056768K
  class space    used 619K, capacity 656K, committed 768K, reserved 1048576K
}
Event: 8.255 GC heap before
{Heap before GC invocations=10 (full 2):
 PSYoungGen      total 111104K, used 96768K [0x00000000eab00000, 0x00000000fb600000, 0x0000000100000000)
  eden space 96768K, 100% used [0x00000000eab00000,0x00000000f0980000,0x00000000f0980000)
  from space 14336K, 0% used [0x00000000f0980000,0x00000000f0980000,0x00000000f1780000)
  to   space 39936K, 0% used [0x00000000f8f00000,0x00000000f8f00000,0x00000000fb600000)
 ParOldGen       total 173056K, used 65513K [0x00000000c0000000, 0x00000000ca900000, 0x00000000eab00000)
  object space 173056K, 37% used [0x00000000c0000000,0x00000000c3ffa678,0x00000000ca900000)
 Metaspace       used 6450K, capacity 7192K, committed 7424K, reserved 1056768K
  class space    used 620K, capacity 656K, committed 768K, reserved 1048576K
Event: 8.384 GC heap after
Heap after GC invocations=10 (full 2):
 PSYoungGen      total 149504K, used 39919K [0x00000000eab00000, 0x00000000fb600000, 0x0000000100000000)
  eden space 109568K, 0% used [0x00000000eab00000,0x00000000eab00000,0x00000000f1600000)
  from space 39936K, 99% used [0x00000000f8f00000,0x00000000fb5fbc40,0x00000000fb600000)
  to   space 63488K, 0% used [0x00000000f3a00000,0x00000000f3a00000,0x00000000f7800000)
 ParOldGen       total 173056K, used 100358K [0x00000000c0000000, 0x00000000ca900000, 0x00000000eab00000)
  object space 173056K, 57% used [0x00000000c0000000,0x00000000c6201968,0x00000000ca900000)
 Metaspace       used 6450K, capacity 7192K, committed 7424K, reserved 1056768K
  class space    used 620K, capacity 656K, committed 768K, reserved 1048576K
}
Event: 8.494 GC heap before
{Heap before GC invocations=11 (full 2):
 PSYoungGen      total 149504K, used 149487K [0x00000000eab00000, 0x00000000fb600000, 0x0000000100000000)
  eden space 109568K, 100% used [0x00000000eab00000,0x00000000f1600000,0x00000000f1600000)
  from space 39936K, 99% used [0x00000000f8f00000,0x00000000fb5fbc40,0x00000000fb600000)
  to   space 63488K, 0% used [0x00000000f3a00000,0x00000000f3a00000,0x00000000f7800000)
 ParOldGen       total 173056K, used 100358K [0x00000000c0000000, 0x00000000ca900000, 0x00000000eab00000)
  object space 173056K, 57% used [0x00000000c0000000,0x00000000c6201968,0x00000000ca900000)
 Metaspace       used 6450K, capacity 7192K, committed 7424K, reserved 1056768K
  class space    used 620K, capacity 656K, committed 768K, reserved 1048576K
Event: 8.828 GC heap after
Heap after GC invocations=11 (full 2):
 PSYoungGen      total 173056K, used 63483K [0x00000000eab00000, 0x00000000fb600000, 0x0000000100000000)
  eden space 109568K, 0% used [0x00000000eab00000,0x00000000eab00000,0x00000000f1600000)
  from space 63488K, 99% used [0x00000000f3a00000,0x00000000f77fefe8,0x00000000f7800000)
  to   space 39936K, 0% used [0x00000000f8f00000,0x00000000f8f00000,0x00000000fb600000)
 ParOldGen       total 173056K, used 132167K [0x00000000c0000000, 0x00000000ca900000, 0x00000000eab00000)
  object space 173056K, 76% used [0x00000000c0000000,0x00000000c8111d38,0x00000000ca900000)
 Metaspace       used 6450K, capacity 7192K, committed 7424K, reserved 1056768K
  class space    used 620K, capacity 656K, committed 768K, reserved 1048576K
}
Event: 8.828 GC heap before
{Heap before GC invocations=12 (full 3):
 PSYoungGen      total 173056K, used 63483K [0x00000000eab00000, 0x00000000fb600000, 0x0000000100000000)
  eden space 109568K, 0% used [0x00000000eab00000,0x00000000eab00000,0x00000000f1600000)
  from space 63488K, 99% used [0x00000000f3a00000,0x00000000f77fefe8,0x00000000f7800000)
  to   space 39936K, 0% used [0x00000000f8f00000,0x00000000f8f00000,0x00000000fb600000)
 ParOldGen       total 173056K, used 132167K [0x00000000c0000000, 0x00000000ca900000, 0x00000000eab00000)
  object space 173056K, 76% used [0x00000000c0000000,0x00000000c8111d38,0x00000000ca900000)
 Metaspace       used 6450K, capacity 7192K, committed 7424K, reserved 1056768K
  class space    used 620K, capacity 656K, committed 768K, reserved 1048576K
Event: 9.547 GC heap after
Heap after GC invocations=12 (full 3):
 PSYoungGen      total 173056K, used 14549K [0x00000000eab00000, 0x00000000fb600000, 0x0000000100000000)
  eden space 109568K, 0% used [0x00000000eab00000,0x00000000eab00000,0x00000000f1600000)
  from space 63488K, 22% used [0x00000000f3a00000,0x00000000f48356c8,0x00000000f7800000)
  to   space 39936K, 0% used [0x00000000f8f00000,0x00000000f8f00000,0x00000000fb600000)
 ParOldGen       total 173056K, used 173000K [0x00000000c0000000, 0x00000000ca900000, 0x00000000eab00000)
  object space 173056K, 99% used [0x00000000c0000000,0x00000000ca8f2098,0x00000000ca900000)
 Metaspace       used 6450K, capacity 7192K, committed 7424K, reserved 1056768K
  class space    used 620K, capacity 656K, committed 768K, reserved 1048576K
}
Event: 10.317 GC heap before
{Heap before GC invocations=13 (full 4):
 PSYoungGen      total 173056K, used 124117K [0x00000000eab00000, 0x00000000fb600000, 0x0000000100000000)
  eden space 109568K, 100% used [0x00000000eab00000,0x00000000f1600000,0x00000000f1600000)
  from space 63488K, 22% used [0x00000000f3a00000,0x00000000f48356c8,0x00000000f7800000)
  to   space 39936K, 0% used [0x00000000f8f00000,0x00000000f8f00000,0x00000000fb600000)
 ParOldGen       total 173056K, used 173000K [0x00000000c0000000, 0x00000000ca900000, 0x00000000eab00000)
  object space 173056K, 99% used [0x00000000c0000000,0x00000000ca8f2098,0x00000000ca900000)
 Metaspace       used 6451K, capacity 7192K, committed 7424K, reserved 1056768K
  class space    used 620K, capacity 656K, committed 768K, reserved 1048576K
Event: 11.031 GC heap after
Heap after GC invocations=13 (full 4):
 PSYoungGen      total 173056K, used 0K [0x00000000eab00000, 0x00000000fb600000, 0x0000000100000000)
  eden space 109568K, 0% used [0x00000000eab00000,0x00000000eab00000,0x00000000f1600000)
  from space 63488K, 0% used [0x00000000f3a00000,0x00000000f3a00000,0x00000000f7800000)
  to   space 39936K, 0% used [0x00000000f8f00000,0x00000000f8f00000,0x00000000fb600000)
 ParOldGen       total 173056K, used 134099K [0x00000000c0000000, 0x00000000ca900000, 0x00000000eab00000)
  object space 173056K, 77% used [0x00000000c0000000,0x00000000c82f4d68,0x00000000ca900000)
 Metaspace       used 6451K, capacity 7192K, committed 7424K, reserved 1056768K
  class space    used 620K, capacity 656K, committed 768K, reserved 1048576K
}

