# JRE version: Java(TM) SE Runtime Environment (8.0_60-b27) (build 1.8.0_60-b27)
# Java VM: Java HotSpot(TM) 64-Bit Server VM (25.60-b23 mixed mode windows-amd64 compressed oops)
Heap:
 PSYoungGen      total 111616K, used 98304K [0x00000000eab00000, 0x00000000f2500000, 0x0000000100000000)
  eden space 98304K, 100% used [0x00000000eab00000,0x00000000f0b00000,0x00000000f0b00000)
  from space 13312K, 0% used [0x00000000f1800000,0x00000000f1800000,0x00000000f2500000)
  to   space 13312K, 0% used [0x00000000f0b00000,0x00000000f0b00000,0x00000000f1800000)
 ParOldGen       total 104448K, used 104427K [0x00000000c0000000, 0x00000000c6600000, 0x00000000eab00000)
  object space 104448K, 99% used [0x00000000c0000000,0x00000000c65facf0,0x00000000c6600000)
 Metaspace       used 6475K, capacity 7192K, committed 7424K, reserved 1056768K
  class space    used 619K, capacity 656K, committed 768K, reserved 1048576K
GC Heap History (10 events):
Event: 84.397 GC heap before
{Heap before GC invocations=394 (full 386):
 PSYoungGen      total 111616K, used 98304K [0x00000000eab00000, 0x00000000f2500000, 0x0000000100000000)
  eden space 98304K, 100% used [0x00000000eab00000,0x00000000f0b00000,0x00000000f0b00000)
  from space 13312K, 0% used [0x00000000f1800000,0x00000000f1800000,0x00000000f2500000)
  to   space 13312K, 0% used [0x00000000f0b00000,0x00000000f0b00000,0x00000000f1800000)
 ParOldGen       total 104448K, used 104427K [0x00000000c0000000, 0x00000000c6600000, 0x00000000eab00000)
  object space 104448K, 99% used [0x00000000c0000000,0x00000000c65facf0,0x00000000c6600000)
 Metaspace       used 6475K, capacity 7192K, committed 7424K, reserved 1056768K
  class space    used 619K, capacity 656K, committed 768K, reserved 1048576K
Event: 84.572 GC heap after
Heap after GC invocations=394 (full 386):
 PSYoungGen      total 111616K, used 98211K [0x00000000eab00000, 0x00000000f2500000, 0x0000000100000000)
  eden space 98304K, 99% used [0x00000000eab00000,0x00000000f0ae8dd8,0x00000000f0b00000)
  from space 13312K, 0% used [0x00000000f1800000,0x00000000f1800000,0x00000000f2500000)
  to   space 13312K, 0% used [0x00000000f0b00000,0x00000000f0b00000,0x00000000f1800000)
 ParOldGen       total 104448K, used 104427K [0x00000000c0000000, 0x00000000c6600000, 0x00000000eab00000)
  object space 104448K, 99% used [0x00000000c0000000,0x00000000c65facf0,0x00000000c6600000)
 Metaspace       used 6475K, capacity 7192K, committed 7424K, reserved 1056768K
  class space    used 619K, capacity 656K, committed 768K, reserved 1048576K
}
Event: 84.573 GC heap before
{Heap before GC invocations=395 (full 387):
 PSYoungGen      total 111616K, used 98303K [0x00000000eab00000, 0x00000000f2500000, 0x0000000100000000)
  eden space 98304K, 99% used [0x00000000eab00000,0x00000000f0afff88,0x00000000f0b00000)
  from space 13312K, 0% used [0x00000000f1800000,0x00000000f1800000,0x00000000f2500000)
  to   space 13312K, 0% used [0x00000000f0b00000,0x00000000f0b00000,0x00000000f1800000)
 ParOldGen       total 104448K, used 104427K [0x00000000c0000000, 0x00000000c6600000, 0x00000000eab00000)
  object space 104448K, 99% used [0x00000000c0000000,0x00000000c65facf0,0x00000000c6600000)
 Metaspace       used 6475K, capacity 7192K, committed 7424K, reserved 1056768K
  class space    used 619K, capacity 656K, committed 768K, reserved 1048576K
Event: 84.779 GC heap after
Heap after GC invocations=395 (full 387):
 PSYoungGen      total 111616K, used 98211K [0x00000000eab00000, 0x00000000f2500000, 0x0000000100000000)
  eden space 98304K, 99% used [0x00000000eab00000,0x00000000f0ae8e60,0x00000000f0b00000)
  from space 13312K, 0% used [0x00000000f1800000,0x00000000f1800000,0x00000000f2500000)
  to   space 13312K, 0% used [0x00000000f0b00000,0x00000000f0b00000,0x00000000f1800000)
 ParOldGen       total 104448K, used 104427K [0x00000000c0000000, 0x00000000c6600000, 0x00000000eab00000)
  object space 104448K, 99% used [0x00000000c0000000,0x00000000c65facf0,0x00000000c6600000)
 Metaspace       used 6475K, capacity 7192K, committed 7424K, reserved 1056768K
  class space    used 619K, capacity 656K, committed 768K, reserved 1048576K
}
Event: 84.780 GC heap before
{Heap before GC invocations=396 (full 388):
 PSYoungGen      total 111616K, used 98304K [0x00000000eab00000, 0x00000000f2500000, 0x0000000100000000)
  eden space 98304K, 100% used [0x00000000eab00000,0x00000000f0b00000,0x00000000f0b00000)
  from space 13312K, 0% used [0x00000000f1800000,0x00000000f1800000,0x00000000f2500000)
  to   space 13312K, 0% used [0x00000000f0b00000,0x00000000f0b00000,0x00000000f1800000)
 ParOldGen       total 104448K, used 104427K [0x00000000c0000000, 0x00000000c6600000, 0x00000000eab00000)
  object space 104448K, 99% used [0x00000000c0000000,0x00000000c65facf0,0x00000000c6600000)
 Metaspace       used 6475K, capacity 7192K, committed 7424K, reserved 1056768K
  class space    used 619K, capacity 656K, committed 768K, reserved 1048576K
Event: 84.994 GC heap after
Heap after GC invocations=396 (full 388):
 PSYoungGen      total 111616K, used 98194K [0x00000000eab00000, 0x00000000f2500000, 0x0000000100000000)
  eden space 98304K, 99% used [0x00000000eab00000,0x00000000f0ae4bd0,0x00000000f0b00000)
  from space 13312K, 0% used [0x00000000f1800000,0x00000000f1800000,0x00000000f2500000)
  to   space 13312K, 0% used [0x00000000f0b00000,0x00000000f0b00000,0x00000000f1800000)
 ParOldGen       total 104448K, used 104427K [0x00000000c0000000, 0x00000000c6600000, 0x00000000eab00000)
  object space 104448K, 99% used [0x00000000c0000000,0x00000000c65facf0,0x00000000c6600000)
 Metaspace       used 6475K, capacity 7192K, committed 7424K, reserved 1056768K
  class space    used 619K, capacity 656K, committed 768K, reserved 1048576K
}
Event: 84.995 GC heap before
{Heap before GC invocations=397 (full 389):
 PSYoungGen      total 111616K, used 98304K [0x00000000eab00000, 0x00000000f2500000, 0x0000000100000000)
  eden space 98304K, 100% used [0x00000000eab00000,0x00000000f0b00000,0x00000000f0b00000)
  from space 13312K, 0% used [0x00000000f1800000,0x00000000f1800000,0x00000000f2500000)
  to   space 13312K, 0% used [0x00000000f0b00000,0x00000000f0b00000,0x00000000f1800000)
 ParOldGen       total 104448K, used 104427K [0x00000000c0000000, 0x00000000c6600000, 0x00000000eab00000)
  object space 104448K, 99% used [0x00000000c0000000,0x00000000c65facf0,0x00000000c6600000)
 Metaspace       used 6475K, capacity 7192K, committed 7424K, reserved 1056768K
  class space    used 619K, capacity 656K, committed 768K, reserved 1048576K
Event: 85.600 GC heap after
Heap after GC invocations=397 (full 389):
 PSYoungGen      total 111616K, used 98215K [0x00000000eab00000, 0x00000000f2500000, 0x0000000100000000)
  eden space 98304K, 99% used [0x00000000eab00000,0x00000000f0ae9e10,0x00000000f0b00000)
  from space 13312K, 0% used [0x00000000f1800000,0x00000000f1800000,0x00000000f2500000)
  to   space 13312K, 0% used [0x00000000f0b00000,0x00000000f0b00000,0x00000000f1800000)
 ParOldGen       total 104448K, used 104427K [0x00000000c0000000, 0x00000000c6600000, 0x00000000eab00000)
  object space 104448K, 99% used [0x00000000c0000000,0x00000000c65facf0,0x00000000c6600000)
 Metaspace       used 6475K, capacity 7192K, committed 7424K, reserved 1056768K
  class space    used 619K, capacity 656K, committed 768K, reserved 1048576K
}
Event: 85.600 GC heap before
{Heap before GC invocations=398 (full 390):
 PSYoungGen      total 111616K, used 98304K [0x00000000eab00000, 0x00000000f2500000, 0x0000000100000000)
  eden space 98304K, 100% used [0x00000000eab00000,0x00000000f0b00000,0x00000000f0b00000)
  from space 13312K, 0% used [0x00000000f1800000,0x00000000f1800000,0x00000000f2500000)
  to   space 13312K, 0% used [0x00000000f0b00000,0x00000000f0b00000,0x00000000f1800000)
 ParOldGen       total 104448K, used 104427K [0x00000000c0000000, 0x00000000c6600000, 0x00000000eab00000)
  object space 104448K, 99% used [0x00000000c0000000,0x00000000c65facf0,0x00000000c6600000)
 Metaspace       used 6475K, capacity 7192K, committed 7424K, reserved 1056768K
  class space    used 619K, capacity 656K, committed 768K, reserved 1048576K
Event: 85.896 GC heap after
Heap after GC invocations=398 (full 390):
 PSYoungGen      total 111616K, used 98221K [0x00000000eab00000, 0x00000000f2500000, 0x0000000100000000)
  eden space 98304K, 99% used [0x00000000eab00000,0x00000000f0aeb6c8,0x00000000f0b00000)
  from space 13312K, 0% used [0x00000000f1800000,0x00000000f1800000,0x00000000f2500000)
  to   space 13312K, 0% used [0x00000000f0b00000,0x00000000f0b00000,0x00000000f1800000)
 ParOldGen       total 104448K, used 104427K [0x00000000c0000000, 0x00000000c6600000, 0x00000000eab00000)
  object space 104448K, 99% used [0x00000000c0000000,0x00000000c65facf0,0x00000000c6600000)
 Metaspace       used 6475K, capacity 7192K, committed 7424K, reserved 1056768K
  class space    used 619K, capacity 656K, committed 768K, reserved 1048576K
}

