# JRE version: Java(TM) SE Runtime Environment (8.0_60-b27) (build 1.8.0_60-b27)
# Java VM: Java HotSpot(TM) 64-Bit Server VM (25.60-b23 mixed mode windows-amd64 compressed oops)
Heap:
 PSYoungGen      total 94208K, used 59666K [0x00000000eab00000, 0x00000000f4400000, 0x0000000100000000)
  eden space 31744K, 76% used [0x00000000eab00000,0x00000000ec2c7198,0x00000000eca00000)
  from space 62464K, 56% used [0x00000000eca00000,0x00000000eecae780,0x00000000f0700000)
  to   space 59904K, 0% used [0x00000000f0980000,0x00000000f0980000,0x00000000f4400000)
 ParOldGen       total 184832K, used 67223K [0x00000000c0000000, 0x00000000cb480000, 0x00000000eab00000)
  object space 184832K, 36% used [0x00000000c0000000,0x00000000c41a5fe8,0x00000000cb480000)
 Metaspace       used 6376K, capacity 7192K, committed 7424K, reserved 1056768K
  class space    used 621K, capacity 656K, committed 768K, reserved 1048576K
GC Heap History (10 events):
Event: 12.149 GC heap before
{Heap before GC invocations=21 (full 13):
 PSYoungGen      total 98816K, used 30720K [0x00000000eab00000, 0x00000000f5000000, 0x0000000100000000)
  eden space 30720K, 100% used [0x00000000eab00000,0x00000000ec900000,0x00000000ec900000)
  from space 68096K, 0% used [0x00000000f0d80000,0x00000000f0d80000,0x00000000f5000000)
  to   space 69120K, 0% used [0x00000000ec900000,0x00000000ec900000,0x00000000f0c80000)
 ParOldGen       total 184832K, used 165560K [0x00000000c0000000, 0x00000000cb480000, 0x00000000eab00000)
  object space 184832K, 89% used [0x00000000c0000000,0x00000000ca1ae298,0x00000000cb480000)
 Metaspace       used 6328K, capacity 7192K, committed 7424K, reserved 1056768K
  class space    used 621K, capacity 656K, committed 768K, reserved 1048576K
Event: 12.555 GC heap after
Heap after GC invocations=21 (full 13):
 PSYoungGen      total 98816K, used 0K [0x00000000eab00000, 0x00000000f5000000, 0x0000000100000000)
  eden space 30720K, 0% used [0x00000000eab00000,0x00000000eab00000,0x00000000ec900000)
  from space 68096K, 0% used [0x00000000f0d80000,0x00000000f0d80000,0x00000000f5000000)
  to   space 69120K, 0% used [0x00000000ec900000,0x00000000ec900000,0x00000000f0c80000)
 ParOldGen       total 184832K, used 131412K [0x00000000c0000000, 0x00000000cb480000, 0x00000000eab00000)
  object space 184832K, 71% used [0x00000000c0000000,0x00000000c8055330,0x00000000cb480000)
 Metaspace       used 6328K, capacity 7192K, committed 7424K, reserved 1056768K
  class space    used 621K, capacity 656K, committed 768K, reserved 1048576K
}
Event: 12.738 GC heap before
{Heap before GC invocations=22 (full 13):
 PSYoungGen      total 98816K, used 30720K [0x00000000eab00000, 0x00000000f5000000, 0x0000000100000000)
  eden space 30720K, 100% used [0x00000000eab00000,0x00000000ec900000,0x00000000ec900000)
  from space 68096K, 0% used [0x00000000f0d80000,0x00000000f0d80000,0x00000000f5000000)
  to   space 69120K, 0% used [0x00000000ec900000,0x00000000ec900000,0x00000000f0c80000)
 ParOldGen       total 184832K, used 131412K [0x00000000c0000000, 0x00000000cb480000, 0x00000000eab00000)
  object space 184832K, 71% used [0x00000000c0000000,0x00000000c8055330,0x00000000cb480000)
 Metaspace       used 6341K, capacity 7192K, committed 7424K, reserved 1056768K
  class space    used 621K, capacity 656K, committed 768K, reserved 1048576K
Event: 12.791 GC heap after
Heap after GC invocations=22 (full 13):
 PSYoungGen      total 49152K, used 18354K [0x00000000eab00000, 0x00000000f4900000, 0x0000000100000000)
  eden space 30720K, 0% used [0x00000000eab00000,0x00000000eab00000,0x00000000ec900000)
  from space 18432K, 99% used [0x00000000ec900000,0x00000000edaec8e0,0x00000000edb00000)
  to   space 65024K, 0% used [0x00000000f0980000,0x00000000f0980000,0x00000000f4900000)
 ParOldGen       total 184832K, used 131420K [0x00000000c0000000, 0x00000000cb480000, 0x00000000eab00000)
  object space 184832K, 71% used [0x00000000c0000000,0x00000000c8057330,0x00000000cb480000)
 Metaspace       used 6341K, capacity 7192K, committed 7424K, reserved 1056768K
  class space    used 621K, capacity 656K, committed 768K, reserved 1048576K
}
Event: 12.791 GC heap before
{Heap before GC invocations=23 (full 14):
 PSYoungGen      total 49152K, used 18354K [0x00000000eab00000, 0x00000000f4900000, 0x0000000100000000)
  eden space 30720K, 0% used [0x00000000eab00000,0x00000000eab00000,0x00000000ec900000)
  from space 18432K, 99% used [0x00000000ec900000,0x00000000edaec8e0,0x00000000edb00000)
  to   space 65024K, 0% used [0x00000000f0980000,0x00000000f0980000,0x00000000f4900000)
 ParOldGen       total 184832K, used 131420K [0x00000000c0000000, 0x00000000cb480000, 0x00000000eab00000)
  object space 184832K, 71% used [0x00000000c0000000,0x00000000c8057330,0x00000000cb480000)
 Metaspace       used 6341K, capacity 7192K, committed 7424K, reserved 1056768K
  class space    used 621K, capacity 656K, committed 768K, reserved 1048576K
Event: 13.247 GC heap after
Heap after GC invocations=23 (full 14):
 PSYoungGen      total 49152K, used 0K [0x00000000eab00000, 0x00000000f4900000, 0x0000000100000000)
  eden space 30720K, 0% used [0x00000000eab00000,0x00000000eab00000,0x00000000ec900000)
  from space 18432K, 0% used [0x00000000ec900000,0x00000000ec900000,0x00000000edb00000)
  to   space 65024K, 0% used [0x00000000f0980000,0x00000000f0980000,0x00000000f4900000)
 ParOldGen       total 184832K, used 67207K [0x00000000c0000000, 0x00000000cb480000, 0x00000000eab00000)
  object space 184832K, 36% used [0x00000000c0000000,0x00000000c41a1fe8,0x00000000cb480000)
 Metaspace       used 6341K, capacity 7192K, committed 7424K, reserved 1056768K
  class space    used 621K, capacity 656K, committed 768K, reserved 1048576K
}
Event: 13.522 GC heap before
{Heap before GC invocations=24 (full 14):
 PSYoungGen      total 49152K, used 30720K [0x00000000eab00000, 0x00000000f4900000, 0x0000000100000000)
  eden space 30720K, 100% used [0x00000000eab00000,0x00000000ec900000,0x00000000ec900000)
  from space 18432K, 0% used [0x00000000ec900000,0x00000000ec900000,0x00000000edb00000)
  to   space 65024K, 0% used [0x00000000f0980000,0x00000000f0980000,0x00000000f4900000)
 ParOldGen       total 184832K, used 67207K [0x00000000c0000000, 0x00000000cb480000, 0x00000000eab00000)
  object space 184832K, 36% used [0x00000000c0000000,0x00000000c41a1fe8,0x00000000cb480000)
 Metaspace       used 6368K, capacity 7192K, committed 7424K, reserved 1056768K
  class space    used 621K, capacity 656K, committed 768K, reserved 1048576K
Event: 13.567 GC heap after
Heap after GC invocations=24 (full 14):
 PSYoungGen      total 91648K, used 13527K [0x00000000eab00000, 0x00000000f4400000, 0x0000000100000000)
  eden space 31744K, 0% used [0x00000000eab00000,0x00000000eab00000,0x00000000eca00000)
  from space 59904K, 22% used [0x00000000f0980000,0x00000000f16b5c40,0x00000000f4400000)
  to   space 62464K, 0% used [0x00000000eca00000,0x00000000eca00000,0x00000000f0700000)
 ParOldGen       total 184832K, used 67215K [0x00000000c0000000, 0x00000000cb480000, 0x00000000eab00000)
  object space 184832K, 36% used [0x00000000c0000000,0x00000000c41a3fe8,0x00000000cb480000)
 Metaspace       used 6368K, capacity 7192K, committed 7424K, reserved 1056768K
  class space    used 621K, capacity 656K, committed 768K, reserved 1048576K
}
Event: 13.668 GC heap before
{Heap before GC invocations=25 (full 14):
 PSYoungGen      total 91648K, used 45271K [0x00000000eab00000, 0x00000000f4400000, 0x0000000100000000)
  eden space 31744K, 100% used [0x00000000eab00000,0x00000000eca00000,0x00000000eca00000)
  from space 59904K, 22% used [0x00000000f0980000,0x00000000f16b5c40,0x00000000f4400000)
  to   space 62464K, 0% used [0x00000000eca00000,0x00000000eca00000,0x00000000f0700000)
 ParOldGen       total 184832K, used 67215K [0x00000000c0000000, 0x00000000cb480000, 0x00000000eab00000)
  object space 184832K, 36% used [0x00000000c0000000,0x00000000c41a3fe8,0x00000000cb480000)
 Metaspace       used 6376K, capacity 7192K, committed 7424K, reserved 1056768K
  class space    used 621K, capacity 656K, committed 768K, reserved 1048576K
Event: 13.691 GC heap after
Heap after GC invocations=25 (full 14):
 PSYoungGen      total 94208K, used 35513K [0x00000000eab00000, 0x00000000f4400000, 0x0000000100000000)
  eden space 31744K, 0% used [0x00000000eab00000,0x00000000eab00000,0x00000000eca00000)
  from space 62464K, 56% used [0x00000000eca00000,0x00000000eecae780,0x00000000f0700000)
  to   space 59904K, 0% used [0x00000000f0980000,0x00000000f0980000,0x00000000f4400000)
 ParOldGen       total 184832K, used 67223K [0x00000000c0000000, 0x00000000cb480000, 0x00000000eab00000)
  object space 184832K, 36% used [0x00000000c0000000,0x00000000c41a5fe8,0x00000000cb480000)
 Metaspace       used 6376K, capacity 7192K, committed 7424K, reserved 1056768K
  class space    used 621K, capacity 656K, committed 768K, reserved 1048576K
}

