# JRE version: Java(TM) SE Runtime Environment (8.0_60-b27) (build 1.8.0_60-b27)
# Java VM: Java HotSpot(TM) 64-Bit Server VM (25.60-b23 mixed mode windows-amd64 compressed oops)
Heap:
 PSYoungGen      total 234496K, used 94000K [0x00000000eab00000, 0x00000000fec80000, 0x0000000100000000)
  eden space 157696K, 13% used [0x00000000eab00000,0x00000000ebfd6e00,0x00000000f4500000)
  from space 76800K, 94% used [0x00000000fa180000,0x00000000fe8753a8,0x00000000fec80000)
  to   space 53248K, 0% used [0x00000000f4500000,0x00000000f4500000,0x00000000f7900000)
 ParOldGen       total 230400K, used 148234K [0x00000000c0000000, 0x00000000ce100000, 0x00000000eab00000)
  object space 230400K, 64% used [0x00000000c0000000,0x00000000c90c2848,0x00000000ce100000)
 Metaspace       used 6401K, capacity 7192K, committed 7424K, reserved 1056768K
  class space    used 621K, capacity 656K, committed 768K, reserved 1048576K
GC Heap History (10 events):
Event: 5.091 GC heap before
{Heap before GC invocations=8 (full 1):
 PSYoungGen      total 110592K, used 17912K [0x00000000eab00000, 0x00000000fad00000, 0x0000000100000000)
  eden space 92672K, 0% used [0x00000000eab00000,0x00000000eab00000,0x00000000f0580000)
  from space 17920K, 99% used [0x00000000f0580000,0x00000000f16fe3f8,0x00000000f1700000)
  to   space 39424K, 0% used [0x00000000f8680000,0x00000000f8680000,0x00000000fad00000)
 ParOldGen       total 65536K, used 59986K [0x00000000c0000000, 0x00000000c4000000, 0x00000000eab00000)
  object space 65536K, 91% used [0x00000000c0000000,0x00000000c3a94858,0x00000000c4000000)
 Metaspace       used 6379K, capacity 7192K, committed 7424K, reserved 1056768K
  class space    used 619K, capacity 656K, committed 768K, reserved 1048576K
Event: 5.676 GC heap after
Heap after GC invocations=8 (full 1):
 PSYoungGen      total 110592K, used 2932K [0x00000000eab00000, 0x00000000fad00000, 0x0000000100000000)
  eden space 92672K, 0% used [0x00000000eab00000,0x00000000eab00000,0x00000000f0580000)
  from space 17920K, 16% used [0x00000000f0580000,0x00000000f085d000,0x00000000f1700000)
  to   space 39424K, 0% used [0x00000000f8680000,0x00000000f8680000,0x00000000fad00000)
 ParOldGen       total 129024K, used 65424K [0x00000000c0000000, 0x00000000c7e00000, 0x00000000eab00000)
  object space 129024K, 50% used [0x00000000c0000000,0x00000000c3fe4038,0x00000000c7e00000)
 Metaspace       used 6379K, capacity 7192K, committed 7424K, reserved 1056768K
  class space    used 619K, capacity 656K, committed 768K, reserved 1048576K
}
Event: 5.746 GC heap before
{Heap before GC invocations=9 (full 1):
 PSYoungGen      total 110592K, used 95604K [0x00000000eab00000, 0x00000000fad00000, 0x0000000100000000)
  eden space 92672K, 100% used [0x00000000eab00000,0x00000000f0580000,0x00000000f0580000)
  from space 17920K, 16% used [0x00000000f0580000,0x00000000f085d000,0x00000000f1700000)
  to   space 39424K, 0% used [0x00000000f8680000,0x00000000f8680000,0x00000000fad00000)
 ParOldGen       total 129024K, used 65424K [0x00000000c0000000, 0x00000000c7e00000, 0x00000000eab00000)
  object space 129024K, 50% used [0x00000000c0000000,0x00000000c3fe4038,0x00000000c7e00000)
 Metaspace       used 6379K, capacity 7192K, committed 7424K, reserved 1056768K
  class space    used 619K, capacity 656K, committed 768K, reserved 1048576K
Event: 5.807 GC heap after
Heap after GC invocations=9 (full 1):
 PSYoungGen      total 172544K, used 39407K [0x00000000eab00000, 0x00000000fad00000, 0x0000000100000000)
  eden space 133120K, 0% used [0x00000000eab00000,0x00000000eab00000,0x00000000f2d00000)
  from space 39424K, 99% used [0x00000000f8680000,0x00000000facfbfb8,0x00000000fad00000)
  to   space 53248K, 0% used [0x00000000f4500000,0x00000000f4500000,0x00000000f7900000)
 ParOldGen       total 129024K, used 80064K [0x00000000c0000000, 0x00000000c7e00000, 0x00000000eab00000)
  object space 129024K, 62% used [0x00000000c0000000,0x00000000c4e30038,0x00000000c7e00000)
 Metaspace       used 6379K, capacity 7192K, committed 7424K, reserved 1056768K
  class space    used 619K, capacity 656K, committed 768K, reserved 1048576K
}
Event: 6.168 GC heap before
{Heap before GC invocations=10 (full 1):
 PSYoungGen      total 172544K, used 172527K [0x00000000eab00000, 0x00000000fad00000, 0x0000000100000000)
  eden space 133120K, 100% used [0x00000000eab00000,0x00000000f2d00000,0x00000000f2d00000)
  from space 39424K, 99% used [0x00000000f8680000,0x00000000facfbfb8,0x00000000fad00000)
  to   space 53248K, 0% used [0x00000000f4500000,0x00000000f4500000,0x00000000f7900000)
 ParOldGen       total 129024K, used 80064K [0x00000000c0000000, 0x00000000c7e00000, 0x00000000eab00000)
  object space 129024K, 62% used [0x00000000c0000000,0x00000000c4e30038,0x00000000c7e00000)
 Metaspace       used 6389K, capacity 7192K, committed 7424K, reserved 1056768K
  class space    used 621K, capacity 656K, committed 768K, reserved 1048576K
Event: 6.273 GC heap after
Heap after GC invocations=10 (full 1):
 PSYoungGen      total 210944K, used 53225K [0x00000000eab00000, 0x00000000fec80000, 0x0000000100000000)
  eden space 157696K, 0% used [0x00000000eab00000,0x00000000eab00000,0x00000000f4500000)
  from space 53248K, 99% used [0x00000000f4500000,0x00000000f78fa740,0x00000000f7900000)
  to   space 76800K, 0% used [0x00000000fa180000,0x00000000fa180000,0x00000000fec80000)
 ParOldGen       total 129024K, used 113938K [0x00000000c0000000, 0x00000000c7e00000, 0x00000000eab00000)
  object space 129024K, 88% used [0x00000000c0000000,0x00000000c6f44b38,0x00000000c7e00000)
 Metaspace       used 6389K, capacity 7192K, committed 7424K, reserved 1056768K
  class space    used 621K, capacity 656K, committed 768K, reserved 1048576K
}
Event: 6.273 GC heap before
{Heap before GC invocations=11 (full 2):
 PSYoungGen      total 210944K, used 53225K [0x00000000eab00000, 0x00000000fec80000, 0x0000000100000000)
  eden space 157696K, 0% used [0x00000000eab00000,0x00000000eab00000,0x00000000f4500000)
  from space 53248K, 99% used [0x00000000f4500000,0x00000000f78fa740,0x00000000f7900000)
  to   space 76800K, 0% used [0x00000000fa180000,0x00000000fa180000,0x00000000fec80000)
 ParOldGen       total 129024K, used 113938K [0x00000000c0000000, 0x00000000c7e00000, 0x00000000eab00000)
  object space 129024K, 88% used [0x00000000c0000000,0x00000000c6f44b38,0x00000000c7e00000)
 Metaspace       used 6389K, capacity 7192K, committed 7424K, reserved 1056768K
  class space    used 621K, capacity 656K, committed 768K, reserved 1048576K
Event: 6.966 GC heap after
Heap after GC invocations=11 (full 2):
 PSYoungGen      total 210944K, used 30135K [0x00000000eab00000, 0x00000000fec80000, 0x0000000100000000)
  eden space 157696K, 0% used [0x00000000eab00000,0x00000000eab00000,0x00000000f4500000)
  from space 53248K, 56% used [0x00000000f4500000,0x00000000f626dc28,0x00000000f7900000)
  to   space 76800K, 0% used [0x00000000fa180000,0x00000000fa180000,0x00000000fec80000)
 ParOldGen       total 230400K, used 128994K [0x00000000c0000000, 0x00000000ce100000, 0x00000000eab00000)
  object space 230400K, 55% used [0x00000000c0000000,0x00000000c7df8848,0x00000000ce100000)
 Metaspace       used 6389K, capacity 7192K, committed 7424K, reserved 1056768K
  class space    used 621K, capacity 656K, committed 768K, reserved 1048576K
}
Event: 7.514 GC heap before
{Heap before GC invocations=12 (full 2):
 PSYoungGen      total 210944K, used 187831K [0x00000000eab00000, 0x00000000fec80000, 0x0000000100000000)
  eden space 157696K, 100% used [0x00000000eab00000,0x00000000f4500000,0x00000000f4500000)
  from space 53248K, 56% used [0x00000000f4500000,0x00000000f626dc28,0x00000000f7900000)
  to   space 76800K, 0% used [0x00000000fa180000,0x00000000fa180000,0x00000000fec80000)
 ParOldGen       total 230400K, used 128994K [0x00000000c0000000, 0x00000000ce100000, 0x00000000eab00000)
  object space 230400K, 55% used [0x00000000c0000000,0x00000000c7df8848,0x00000000ce100000)
 Metaspace       used 6398K, capacity 7192K, committed 7424K, reserved 1056768K
  class space    used 621K, capacity 656K, committed 768K, reserved 1048576K
Event: 7.709 GC heap after
Heap after GC invocations=12 (full 2):
 PSYoungGen      total 234496K, used 72660K [0x00000000eab00000, 0x00000000fec80000, 0x0000000100000000)
  eden space 157696K, 0% used [0x00000000eab00000,0x00000000eab00000,0x00000000f4500000)
  from space 76800K, 94% used [0x00000000fa180000,0x00000000fe8753a8,0x00000000fec80000)
  to   space 53248K, 0% used [0x00000000f4500000,0x00000000f4500000,0x00000000f7900000)
 ParOldGen       total 230400K, used 148234K [0x00000000c0000000, 0x00000000ce100000, 0x00000000eab00000)
  object space 230400K, 64% used [0x00000000c0000000,0x00000000c90c2848,0x00000000ce100000)
 Metaspace       used 6398K, capacity 7192K, committed 7424K, reserved 1056768K
  class space    used 621K, capacity 656K, committed 768K, reserved 1048576K
}

