# JRE version: Java(TM) SE Runtime Environment (8.0_60-b27) (build 1.8.0_60-b27)
# Java VM: Java HotSpot(TM) 64-Bit Server VM (25.60-b23 mixed mode windows-amd64 compressed oops)
Heap:
 PSYoungGen      total 204800K, used 11144K [0x00000006c0000000, 0x00000006cd000000, 0x00000007c0000000)
  eden space 196608K, 1% used [0x00000006c0000000,0x00000006c02e5b68,0x00000006cc000000)
  from space 8192K, 99% used [0x00000006cc800000,0x00000006ccffc500,0x00000006cd000000)
  to   space 8192K, 0% used [0x00000006cc000000,0x00000006cc000000,0x00000006cc800000)
 ParOldGen       total 131072K, used 33706K [0x00000004c0000000, 0x00000004c8000000, 0x00000006c0000000)
  object space 131072K, 25% used [0x00000004c0000000,0x00000004c20ea9e0,0x00000004c8000000)
 Metaspace       used 6468K, capacity 7256K, committed 7424K, reserved 1056768K
  class space    used 625K, capacity 656K, committed 768K, reserved 1048576K
GC Heap History (8 events):
Event: 2.355 GC heap before
{Heap before GC invocations=1 (full 0):
 PSYoungGen      total 57344K, used 49152K [0x00000006c0000000, 0x00000006c4000000, 0x00000007c0000000)
  eden space 49152K, 100% used [0x00000006c0000000,0x00000006c3000000,0x00000006c3000000)
  from space 8192K, 0% used [0x00000006c3800000,0x00000006c3800000,0x00000006c4000000)
  to   space 8192K, 0% used [0x00000006c3000000,0x00000006c3000000,0x00000006c3800000)
 ParOldGen       total 131072K, used 0K [0x00000004c0000000, 0x00000004c8000000, 0x00000006c0000000)
  object space 131072K, 0% used [0x00000004c0000000,0x00000004c0000000,0x00000004c8000000)
 Metaspace       used 5924K, capacity 6832K, committed 7040K, reserved 1056768K
  class space    used 601K, capacity 616K, committed 640K, reserved 1048576K
Event: 2.547 GC heap after
Heap after GC invocations=1 (full 0):
 PSYoungGen      total 57344K, used 6989K [0x00000006c0000000, 0x00000006c7000000, 0x00000007c0000000)
  eden space 49152K, 0% used [0x00000006c0000000,0x00000006c0000000,0x00000006c3000000)
  from space 8192K, 85% used [0x00000006c3000000,0x00000006c36d3698,0x00000006c3800000)
  to   space 8192K, 0% used [0x00000006c6800000,0x00000006c6800000,0x00000006c7000000)
 ParOldGen       total 131072K, used 16K [0x00000004c0000000, 0x00000004c8000000, 0x00000006c0000000)
  object space 131072K, 0% used [0x00000004c0000000,0x00000004c0004000,0x00000004c8000000)
 Metaspace       used 5924K, capacity 6832K, committed 7040K, reserved 1056768K
  class space    used 601K, capacity 616K, committed 640K, reserved 1048576K
}
Event: 3.068 GC heap before
{Heap before GC invocations=2 (full 0):
 PSYoungGen      total 57344K, used 56141K [0x00000006c0000000, 0x00000006c7000000, 0x00000007c0000000)
  eden space 49152K, 100% used [0x00000006c0000000,0x00000006c3000000,0x00000006c3000000)
  from space 8192K, 85% used [0x00000006c3000000,0x00000006c36d3698,0x00000006c3800000)
  to   space 8192K, 0% used [0x00000006c6800000,0x00000006c6800000,0x00000006c7000000)
 ParOldGen       total 131072K, used 16K [0x00000004c0000000, 0x00000004c8000000, 0x00000006c0000000)
  object space 131072K, 0% used [0x00000004c0000000,0x00000004c0004000,0x00000004c8000000)
 Metaspace       used 6091K, capacity 7024K, committed 7296K, reserved 1056768K
  class space    used 604K, capacity 616K, committed 640K, reserved 1048576K
Event: 3.221 GC heap after
Heap after GC invocations=2 (full 0):
 PSYoungGen      total 106496K, used 8160K [0x00000006c0000000, 0x00000006c7000000, 0x00000007c0000000)
  eden space 98304K, 0% used [0x00000006c0000000,0x00000006c0000000,0x00000006c6000000)
  from space 8192K, 99% used [0x00000006c6800000,0x00000006c6ff81a0,0x00000006c7000000)
  to   space 8192K, 0% used [0x00000006c6000000,0x00000006c6000000,0x00000006c6800000)
 ParOldGen       total 131072K, used 4466K [0x00000004c0000000, 0x00000004c8000000, 0x00000006c0000000)
  object space 131072K, 3% used [0x00000004c0000000,0x00000004c045cb38,0x00000004c8000000)
 Metaspace       used 6091K, capacity 7024K, committed 7296K, reserved 1056768K
  class space    used 604K, capacity 616K, committed 640K, reserved 1048576K
}
Event: 4.562 GC heap before
{Heap before GC invocations=3 (full 0):
 PSYoungGen      total 106496K, used 106464K [0x00000006c0000000, 0x00000006c7000000, 0x00000007c0000000)
  eden space 98304K, 100% used [0x00000006c0000000,0x00000006c6000000,0x00000006c6000000)
  from space 8192K, 99% used [0x00000006c6800000,0x00000006c6ff81a0,0x00000006c7000000)
  to   space 8192K, 0% used [0x00000006c6000000,0x00000006c6000000,0x00000006c6800000)
 ParOldGen       total 131072K, used 4466K [0x00000004c0000000, 0x00000004c8000000, 0x00000006c0000000)
  object space 131072K, 3% used [0x00000004c0000000,0x00000004c045cb38,0x00000004c8000000)
 Metaspace       used 6279K, capacity 7152K, committed 7296K, reserved 1056768K
  class space    used 604K, capacity 616K, committed 640K, reserved 1048576K
Event: 5.041 GC heap after
Heap after GC invocations=3 (full 0):
 PSYoungGen      total 106496K, used 8168K [0x00000006c0000000, 0x00000006cd000000, 0x00000007c0000000)
  eden space 98304K, 0% used [0x00000006c0000000,0x00000006c0000000,0x00000006c6000000)
  from space 8192K, 99% used [0x00000006c6000000,0x00000006c67fa2c0,0x00000006c6800000)
  to   space 8192K, 0% used [0x00000006cc800000,0x00000006cc800000,0x00000006cd000000)
 ParOldGen       total 131072K, used 17986K [0x00000004c0000000, 0x00000004c8000000, 0x00000006c0000000)
  object space 131072K, 13% used [0x00000004c0000000,0x00000004c11909c8,0x00000004c8000000)
 Metaspace       used 6279K, capacity 7152K, committed 7296K, reserved 1056768K
  class space    used 604K, capacity 616K, committed 640K, reserved 1048576K
}
Event: 6.705 GC heap before
{Heap before GC invocations=4 (full 0):
 PSYoungGen      total 106496K, used 106472K [0x00000006c0000000, 0x00000006cd000000, 0x00000007c0000000)
  eden space 98304K, 100% used [0x00000006c0000000,0x00000006c6000000,0x00000006c6000000)
  from space 8192K, 99% used [0x00000006c6000000,0x00000006c67fa2c0,0x00000006c6800000)
  to   space 8192K, 0% used [0x00000006cc800000,0x00000006cc800000,0x00000006cd000000)
 ParOldGen       total 131072K, used 17986K [0x00000004c0000000, 0x00000004c8000000, 0x00000006c0000000)
  object space 131072K, 13% used [0x00000004c0000000,0x00000004c11909c8,0x00000004c8000000)
 Metaspace       used 6467K, capacity 7256K, committed 7424K, reserved 1056768K
  class space    used 625K, capacity 656K, committed 768K, reserved 1048576K
Event: 7.151 GC heap after
Heap after GC invocations=4 (full 0):
 PSYoungGen      total 204800K, used 8177K [0x00000006c0000000, 0x00000006cd000000, 0x00000007c0000000)
  eden space 196608K, 0% used [0x00000006c0000000,0x00000006c0000000,0x00000006cc000000)
  from space 8192K, 99% used [0x00000006cc800000,0x00000006ccffc500,0x00000006cd000000)
  to   space 8192K, 0% used [0x00000006cc000000,0x00000006cc000000,0x00000006cc800000)
 ParOldGen       total 131072K, used 33706K [0x00000004c0000000, 0x00000004c8000000, 0x00000006c0000000)
  object space 131072K, 25% used [0x00000004c0000000,0x00000004c20ea9e0,0x00000004c8000000)
 Metaspace       used 6467K, capacity 7256K, committed 7424K, reserved 1056768K
  class space    used 625K, capacity 656K, committed 768K, reserved 1048576K
}

