# JRE version: Java(TM) SE Runtime Environment (8.0_60-b27) (build 1.8.0_60-b27)
# Java VM: Java HotSpot(TM) 64-Bit Server VM (25.60-b23 mixed mode windows-amd64 compressed oops)
Heap:
 PSYoungGen      total 106496K, used 44699K [0x00000006c0000000, 0x00000006c7000000, 0x00000007c0000000)
  eden space 98304K, 37% used [0x00000006c0000000,0x00000006c23ad160,0x00000006c6000000)
  from space 8192K, 99% used [0x00000006c6800000,0x00000006c6ff9c78,0x00000006c7000000)
  to   space 8192K, 0% used [0x00000006c6000000,0x00000006c6000000,0x00000006c6800000)
 ParOldGen       total 131072K, used 6665K [0x00000004c0000000, 0x00000004c8000000, 0x00000006c0000000)
  object space 131072K, 5% used [0x00000004c0000000,0x00000004c0682770,0x00000004c8000000)
 Metaspace       used 6240K, capacity 7088K, committed 7296K, reserved 1056768K
  class space    used 599K, capacity 616K, committed 640K, reserved 1048576K
GC Heap History (4 events):
Event: 2.537 GC heap before
{Heap before GC invocations=1 (full 0):
 PSYoungGen      total 57344K, used 49152K [0x00000006c0000000, 0x00000006c4000000, 0x00000007c0000000)
  eden space 49152K, 100% used [0x00000006c0000000,0x00000006c3000000,0x00000006c3000000)
  from space 8192K, 0% used [0x00000006c3800000,0x00000006c3800000,0x00000006c4000000)
  to   space 8192K, 0% used [0x00000006c3000000,0x00000006c3000000,0x00000006c3800000)
 ParOldGen       total 131072K, used 0K [0x00000004c0000000, 0x00000004c8000000, 0x00000006c0000000)
  object space 131072K, 0% used [0x00000004c0000000,0x00000004c0000000,0x00000004c8000000)
 Metaspace       used 6001K, capacity 6960K, committed 7040K, reserved 1056768K
  class space    used 594K, capacity 616K, committed 640K, reserved 1048576K
Event: 2.569 GC heap after
Heap after GC invocations=1 (full 0):
 PSYoungGen      total 57344K, used 8174K [0x00000006c0000000, 0x00000006c7000000, 0x00000007c0000000)
  eden space 49152K, 0% used [0x00000006c0000000,0x00000006c0000000,0x00000006c3000000)
  from space 8192K, 99% used [0x00000006c3000000,0x00000006c37fb970,0x00000006c3800000)
  to   space 8192K, 0% used [0x00000006c6800000,0x00000006c6800000,0x00000006c7000000)
 ParOldGen       total 131072K, used 343K [0x00000004c0000000, 0x00000004c8000000, 0x00000006c0000000)
  object space 131072K, 0% used [0x00000004c0000000,0x00000004c0055c30,0x00000004c8000000)
 Metaspace       used 6001K, capacity 6960K, committed 7040K, reserved 1056768K
  class space    used 594K, capacity 616K, committed 640K, reserved 1048576K
}
Event: 11.704 GC heap before
{Heap before GC invocations=2 (full 0):
 PSYoungGen      total 57344K, used 57326K [0x00000006c0000000, 0x00000006c7000000, 0x00000007c0000000)
  eden space 49152K, 100% used [0x00000006c0000000,0x00000006c3000000,0x00000006c3000000)
  from space 8192K, 99% used [0x00000006c3000000,0x00000006c37fb970,0x00000006c3800000)
  to   space 8192K, 0% used [0x00000006c6800000,0x00000006c6800000,0x00000006c7000000)
 ParOldGen       total 131072K, used 343K [0x00000004c0000000, 0x00000004c8000000, 0x00000006c0000000)
  object space 131072K, 0% used [0x00000004c0000000,0x00000004c0055c30,0x00000004c8000000)
 Metaspace       used 6195K, capacity 7088K, committed 7296K, reserved 1056768K
  class space    used 599K, capacity 616K, committed 640K, reserved 1048576K
Event: 12.052 GC heap after
Heap after GC invocations=2 (full 0):
 PSYoungGen      total 106496K, used 8167K [0x00000006c0000000, 0x00000006c7000000, 0x00000007c0000000)
  eden space 98304K, 0% used [0x00000006c0000000,0x00000006c0000000,0x00000006c6000000)
  from space 8192K, 99% used [0x00000006c6800000,0x00000006c6ff9c78,0x00000006c7000000)
  to   space 8192K, 0% used [0x00000006c6000000,0x00000006c6000000,0x00000006c6800000)
 ParOldGen       total 131072K, used 6665K [0x00000004c0000000, 0x00000004c8000000, 0x00000006c0000000)
  object space 131072K, 5% used [0x00000004c0000000,0x00000004c0682770,0x00000004c8000000)
 Metaspace       used 6195K, capacity 7088K, committed 7296K, reserved 1056768K
  class space    used 599K, capacity 616K, committed 640K, reserved 1048576K
}

