# JRE version: Java(TM) SE Runtime Environment (8.0_60-b27) (build 1.8.0_60-b27)
# Java VM: Java HotSpot(TM) 64-Bit Server VM (25.60-b23 mixed mode windows-amd64 compressed oops)
Heap:
 PSYoungGen      total 106496K, used 55080K [0x00000006c0000000, 0x00000006cd000000, 0x00000007c0000000)
  eden space 98304K, 47% used [0x00000006c0000000,0x00000006c2dcd2b0,0x00000006c6000000)
  from space 8192K, 99% used [0x00000006c6000000,0x00000006c67fce68,0x00000006c6800000)
  to   space 8192K, 0% used [0x00000006cc800000,0x00000006cc800000,0x00000006cd000000)
 ParOldGen       total 131072K, used 22993K [0x00000004c0000000, 0x00000004c8000000, 0x00000006c0000000)
  object space 131072K, 17% used [0x00000004c0000000,0x00000004c1674788,0x00000004c8000000)
 Metaspace       used 6387K, capacity 7192K, committed 7424K, reserved 1056768K
  class space    used 620K, capacity 656K, committed 768K, reserved 1048576K
GC Heap History (6 events):
Event: 2.668 GC heap before
{Heap before GC invocations=1 (full 0):
 PSYoungGen      total 57344K, used 49152K [0x00000006c0000000, 0x00000006c4000000, 0x00000007c0000000)
  eden space 49152K, 100% used [0x00000006c0000000,0x00000006c3000000,0x00000006c3000000)
  from space 8192K, 0% used [0x00000006c3800000,0x00000006c3800000,0x00000006c4000000)
  to   space 8192K, 0% used [0x00000006c3000000,0x00000006c3000000,0x00000006c3800000)
 ParOldGen       total 131072K, used 0K [0x00000004c0000000, 0x00000004c8000000, 0x00000006c0000000)
  object space 131072K, 0% used [0x00000004c0000000,0x00000004c0000000,0x00000004c8000000)
 Metaspace       used 5861K, capacity 6832K, committed 7040K, reserved 1056768K
  class space    used 595K, capacity 616K, committed 640K, reserved 1048576K
Event: 2.735 GC heap after
Heap after GC invocations=1 (full 0):
 PSYoungGen      total 57344K, used 7761K [0x00000006c0000000, 0x00000006c7000000, 0x00000007c0000000)
  eden space 49152K, 0% used [0x00000006c0000000,0x00000006c0000000,0x00000006c3000000)
  from space 8192K, 94% used [0x00000006c3000000,0x00000006c3794498,0x00000006c3800000)
  to   space 8192K, 0% used [0x00000006c6800000,0x00000006c6800000,0x00000006c7000000)
 ParOldGen       total 131072K, used 8K [0x00000004c0000000, 0x00000004c8000000, 0x00000006c0000000)
  object space 131072K, 0% used [0x00000004c0000000,0x00000004c0002000,0x00000004c8000000)
 Metaspace       used 5861K, capacity 6832K, committed 7040K, reserved 1056768K
  class space    used 595K, capacity 616K, committed 640K, reserved 1048576K
}
Event: 3.219 GC heap before
{Heap before GC invocations=2 (full 0):
 PSYoungGen      total 57344K, used 56913K [0x00000006c0000000, 0x00000006c7000000, 0x00000007c0000000)
  eden space 49152K, 100% used [0x00000006c0000000,0x00000006c3000000,0x00000006c3000000)
  from space 8192K, 94% used [0x00000006c3000000,0x00000006c3794498,0x00000006c3800000)
  to   space 8192K, 0% used [0x00000006c6800000,0x00000006c6800000,0x00000006c7000000)
 ParOldGen       total 131072K, used 8K [0x00000004c0000000, 0x00000004c8000000, 0x00000006c0000000)
  object space 131072K, 0% used [0x00000004c0000000,0x00000004c0002000,0x00000004c8000000)
 Metaspace       used 6028K, capacity 6960K, committed 7040K, reserved 1056768K
  class space    used 598K, capacity 616K, committed 640K, reserved 1048576K
Event: 3.335 GC heap after
Heap after GC invocations=2 (full 0):
 PSYoungGen      total 106496K, used 8170K [0x00000006c0000000, 0x00000006c7000000, 0x00000007c0000000)
  eden space 98304K, 0% used [0x00000006c0000000,0x00000006c0000000,0x00000006c6000000)
  from space 8192K, 99% used [0x00000006c6800000,0x00000006c6ffaab8,0x00000006c7000000)
  to   space 8192K, 0% used [0x00000006c6000000,0x00000006c6000000,0x00000006c6800000)
 ParOldGen       total 131072K, used 4381K [0x00000004c0000000, 0x00000004c8000000, 0x00000006c0000000)
  object space 131072K, 3% used [0x00000004c0000000,0x00000004c04476a8,0x00000004c8000000)
 Metaspace       used 6028K, capacity 6960K, committed 7040K, reserved 1056768K
  class space    used 598K, capacity 616K, committed 640K, reserved 1048576K
}
Event: 6.275 GC heap before
{Heap before GC invocations=3 (full 0):
 PSYoungGen      total 106496K, used 106474K [0x00000006c0000000, 0x00000006c7000000, 0x00000007c0000000)
  eden space 98304K, 100% used [0x00000006c0000000,0x00000006c6000000,0x00000006c6000000)
  from space 8192K, 99% used [0x00000006c6800000,0x00000006c6ffaab8,0x00000006c7000000)
  to   space 8192K, 0% used [0x00000006c6000000,0x00000006c6000000,0x00000006c6800000)
 ParOldGen       total 131072K, used 4381K [0x00000004c0000000, 0x00000004c8000000, 0x00000006c0000000)
  object space 131072K, 3% used [0x00000004c0000000,0x00000004c04476a8,0x00000004c8000000)
 Metaspace       used 6300K, capacity 7128K, committed 7424K, reserved 1056768K
  class space    used 620K, capacity 656K, committed 768K, reserved 1048576K
Event: 6.471 GC heap after
Heap after GC invocations=3 (full 0):
 PSYoungGen      total 106496K, used 8179K [0x00000006c0000000, 0x00000006cd000000, 0x00000007c0000000)
  eden space 98304K, 0% used [0x00000006c0000000,0x00000006c0000000,0x00000006c6000000)
  from space 8192K, 99% used [0x00000006c6000000,0x00000006c67fce68,0x00000006c6800000)
  to   space 8192K, 0% used [0x00000006cc800000,0x00000006cc800000,0x00000006cd000000)
 ParOldGen       total 131072K, used 22993K [0x00000004c0000000, 0x00000004c8000000, 0x00000006c0000000)
  object space 131072K, 17% used [0x00000004c0000000,0x00000004c1674788,0x00000004c8000000)
 Metaspace       used 6300K, capacity 7128K, committed 7424K, reserved 1056768K
  class space    used 620K, capacity 656K, committed 768K, reserved 1048576K
}

