# JRE version: Java(TM) SE Runtime Environment (8.0_60-b27) (build 1.8.0_60-b27)
# Java VM: Java HotSpot(TM) 64-Bit Server VM (25.60-b23 mixed mode windows-amd64 compressed oops)
Heap:
 PSYoungGen      total 240128K, used 41338K [0x00000000eab00000, 0x00000000fac80000, 0x0000000100000000)
  eden space 219648K, 13% used [0x00000000eab00000,0x00000000ec7ac0c8,0x00000000f8180000)
  from space 20480K, 58% used [0x00000000f8180000,0x00000000f8d32870,0x00000000f9580000)
  to   space 14336K, 0% used [0x00000000f9580000,0x00000000f9580000,0x00000000fa380000)
 ParOldGen       total 53760K, used 40175K [0x00000000c0000000, 0x00000000c3480000, 0x00000000eab00000)
  object space 53760K, 74% used [0x00000000c0000000,0x00000000c273bdf8,0x00000000c3480000)
 Metaspace       used 55411K, capacity 56850K, committed 56960K, reserved 1097728K
  class space    used 7404K, capacity 7736K, committed 7808K, reserved 1048576K
GC Heap History (10 events):
Event: 43.963 GC heap before
{Heap before GC invocations=14 (full 2):
 PSYoungGen      total 161280K, used 161266K [0x00000000eab00000, 0x00000000fa380000, 0x0000000100000000)
  eden space 148480K, 100% used [0x00000000eab00000,0x00000000f3c00000,0x00000000f3c00000)
  from space 12800K, 99% used [0x00000000f3c00000,0x00000000f487c938,0x00000000f4880000)
  to   space 14336K, 0% used [0x00000000f9580000,0x00000000f9580000,0x00000000fa380000)
 ParOldGen       total 53760K, used 20526K [0x00000000c0000000, 0x00000000c3480000, 0x00000000eab00000)
  object space 53760K, 38% used [0x00000000c0000000,0x00000000c140b918,0x00000000c3480000)
 Metaspace       used 46721K, capacity 47742K, committed 48000K, reserved 1091584K
  class space    used 6417K, capacity 6732K, committed 6784K, reserved 1048576K
Event: 44.006 GC heap after
Heap after GC invocations=14 (full 2):
 PSYoungGen      total 233984K, used 14312K [0x00000000eab00000, 0x00000000fac80000, 0x0000000100000000)
  eden space 219648K, 0% used [0x00000000eab00000,0x00000000eab00000,0x00000000f8180000)
  from space 14336K, 99% used [0x00000000f9580000,0x00000000fa37a318,0x00000000fa380000)
  to   space 20480K, 0% used [0x00000000f8180000,0x00000000f8180000,0x00000000f9580000)
 ParOldGen       total 53760K, used 31223K [0x00000000c0000000, 0x00000000c3480000, 0x00000000eab00000)
  object space 53760K, 58% used [0x00000000c0000000,0x00000000c1e7dfe0,0x00000000c3480000)
 Metaspace       used 46721K, capacity 47742K, committed 48000K, reserved 1091584K
  class space    used 6417K, capacity 6732K, committed 6784K, reserved 1048576K
}
Event: 58.586 GC heap before
{Heap before GC invocations=15 (full 2):
 PSYoungGen      total 233984K, used 233960K [0x00000000eab00000, 0x00000000fac80000, 0x0000000100000000)
  eden space 219648K, 100% used [0x00000000eab00000,0x00000000f8180000,0x00000000f8180000)
  from space 14336K, 99% used [0x00000000f9580000,0x00000000fa37a318,0x00000000fa380000)
  to   space 20480K, 0% used [0x00000000f8180000,0x00000000f8180000,0x00000000f9580000)
 ParOldGen       total 53760K, used 31223K [0x00000000c0000000, 0x00000000c3480000, 0x00000000eab00000)
  object space 53760K, 58% used [0x00000000c0000000,0x00000000c1e7dfe0,0x00000000c3480000)
 Metaspace       used 52158K, capacity 53246K, committed 53376K, reserved 1095680K
  class space    used 7123K, capacity 7462K, committed 7552K, reserved 1048576K
Event: 58.623 GC heap after
Heap after GC invocations=15 (full 2):
 PSYoungGen      total 240128K, used 9375K [0x00000000eab00000, 0x00000000fac80000, 0x0000000100000000)
  eden space 219648K, 0% used [0x00000000eab00000,0x00000000eab00000,0x00000000f8180000)
  from space 20480K, 45% used [0x00000000f8180000,0x00000000f8aa7f60,0x00000000f9580000)
  to   space 14336K, 0% used [0x00000000f9580000,0x00000000f9580000,0x00000000fa380000)
 ParOldGen       total 53760K, used 38308K [0x00000000c0000000, 0x00000000c3480000, 0x00000000eab00000)
  object space 53760K, 71% used [0x00000000c0000000,0x00000000c2569070,0x00000000c3480000)
 Metaspace       used 52158K, capacity 53246K, committed 53376K, reserved 1095680K
  class space    used 7123K, capacity 7462K, committed 7552K, reserved 1048576K
}
Event: 66.441 GC heap before
{Heap before GC invocations=16 (full 2):
 PSYoungGen      total 240128K, used 77804K [0x00000000eab00000, 0x00000000fac80000, 0x0000000100000000)
  eden space 219648K, 31% used [0x00000000eab00000,0x00000000eedd3268,0x00000000f8180000)
  from space 20480K, 45% used [0x00000000f8180000,0x00000000f8aa7f60,0x00000000f9580000)
  to   space 14336K, 0% used [0x00000000f9580000,0x00000000f9580000,0x00000000fa380000)
 ParOldGen       total 53760K, used 38308K [0x00000000c0000000, 0x00000000c3480000, 0x00000000eab00000)
  object space 53760K, 71% used [0x00000000c0000000,0x00000000c2569070,0x00000000c3480000)
 Metaspace       used 54506K, capacity 55726K, committed 56064K, reserved 1097728K
  class space    used 7353K, capacity 7662K, committed 7680K, reserved 1048576K
Event: 66.459 GC heap after
Heap after GC invocations=16 (full 2):
 PSYoungGen      total 233984K, used 2194K [0x00000000eab00000, 0x00000000fac80000, 0x0000000100000000)
  eden space 219648K, 0% used [0x00000000eab00000,0x00000000eab00000,0x00000000f8180000)
  from space 14336K, 15% used [0x00000000f9580000,0x00000000f97a4980,0x00000000fa380000)
  to   space 20480K, 0% used [0x00000000f8180000,0x00000000f8180000,0x00000000f9580000)
 ParOldGen       total 53760K, used 43050K [0x00000000c0000000, 0x00000000c3480000, 0x00000000eab00000)
  object space 53760K, 80% used [0x00000000c0000000,0x00000000c2a0abe0,0x00000000c3480000)
 Metaspace       used 54506K, capacity 55726K, committed 56064K, reserved 1097728K
  class space    used 7353K, capacity 7662K, committed 7680K, reserved 1048576K
}
Event: 66.459 GC heap before
{Heap before GC invocations=17 (full 3):
 PSYoungGen      total 233984K, used 2194K [0x00000000eab00000, 0x00000000fac80000, 0x0000000100000000)
  eden space 219648K, 0% used [0x00000000eab00000,0x00000000eab00000,0x00000000f8180000)
  from space 14336K, 15% used [0x00000000f9580000,0x00000000f97a4980,0x00000000fa380000)
  to   space 20480K, 0% used [0x00000000f8180000,0x00000000f8180000,0x00000000f9580000)
 ParOldGen       total 53760K, used 43050K [0x00000000c0000000, 0x00000000c3480000, 0x00000000eab00000)
  object space 53760K, 80% used [0x00000000c0000000,0x00000000c2a0abe0,0x00000000c3480000)
 Metaspace       used 54506K, capacity 55726K, committed 56064K, reserved 1097728K
  class space    used 7353K, capacity 7662K, committed 7680K, reserved 1048576K
Event: 67.209 GC heap after
Heap after GC invocations=17 (full 3):
 PSYoungGen      total 233984K, used 0K [0x00000000eab00000, 0x00000000fac80000, 0x0000000100000000)
  eden space 219648K, 0% used [0x00000000eab00000,0x00000000eab00000,0x00000000f8180000)
  from space 14336K, 0% used [0x00000000f9580000,0x00000000f9580000,0x00000000fa380000)
  to   space 20480K, 0% used [0x00000000f8180000,0x00000000f8180000,0x00000000f9580000)
 ParOldGen       total 53760K, used 40167K [0x00000000c0000000, 0x00000000c3480000, 0x00000000eab00000)
  object space 53760K, 74% used [0x00000000c0000000,0x00000000c2739df8,0x00000000c3480000)
 Metaspace       used 54506K, capacity 55726K, committed 56064K, reserved 1097728K
  class space    used 7353K, capacity 7662K, committed 7680K, reserved 1048576K
}
Event: 134.375 GC heap before
{Heap before GC invocations=18 (full 3):
 PSYoungGen      total 233984K, used 219493K [0x00000000eab00000, 0x00000000fac80000, 0x0000000100000000)
  eden space 219648K, 99% used [0x00000000eab00000,0x00000000f81595c8,0x00000000f8180000)
  from space 14336K, 0% used [0x00000000f9580000,0x00000000f9580000,0x00000000fa380000)
  to   space 20480K, 0% used [0x00000000f8180000,0x00000000f8180000,0x00000000f9580000)
 ParOldGen       total 53760K, used 40167K [0x00000000c0000000, 0x00000000c3480000, 0x00000000eab00000)
  object space 53760K, 74% used [0x00000000c0000000,0x00000000c2739df8,0x00000000c3480000)
 Metaspace       used 55375K, capacity 56808K, committed 56960K, reserved 1097728K
  class space    used 7401K, capacity 7729K, committed 7808K, reserved 1048576K
Event: 134.397 GC heap after
Heap after GC invocations=18 (full 3):
 PSYoungGen      total 240128K, used 11978K [0x00000000eab00000, 0x00000000fac80000, 0x0000000100000000)
  eden space 219648K, 0% used [0x00000000eab00000,0x00000000eab00000,0x00000000f8180000)
  from space 20480K, 58% used [0x00000000f8180000,0x00000000f8d32870,0x00000000f9580000)
  to   space 14336K, 0% used [0x00000000f9580000,0x00000000f9580000,0x00000000fa380000)
 ParOldGen       total 53760K, used 40175K [0x00000000c0000000, 0x00000000c3480000, 0x00000000eab00000)
  object space 53760K, 74% used [0x00000000c0000000,0x00000000c273bdf8,0x00000000c3480000)
 Metaspace       used 55375K, capacity 56808K, committed 56960K, reserved 1097728K
  class space    used 7401K, capacity 7729K, committed 7808K, reserved 1048576K
}

