# JRE version: Java(TM) SE Runtime Environment (8.0_60-b27) (build 1.8.0_60-b27)
# Java VM: Java HotSpot(TM) 64-Bit Server VM (25.60-b23 mixed mode windows-amd64 compressed oops)
Heap:
 PSYoungGen      total 294400K, used 249225K [0x00000000eab00000, 0x00000000fec80000, 0x0000000100000000)
  eden space 271872K, 91% used [0x00000000eab00000,0x00000000f9e62440,0x00000000fb480000)
  from space 22528K, 0% used [0x00000000fce80000,0x00000000fce80000,0x00000000fe480000)
  to   space 26624K, 0% used [0x00000000fb480000,0x00000000fb480000,0x00000000fce80000)
 ParOldGen       total 75264K, used 41831K [0x00000000c0000000, 0x00000000c4980000, 0x00000000eab00000)
  object space 75264K, 55% used [0x00000000c0000000,0x00000000c28d9eb8,0x00000000c4980000)
 Metaspace       used 55323K, capacity 56764K, committed 56960K, reserved 1097728K
  class space    used 7396K, capacity 7743K, committed 7808K, reserved 1048576K
GC Heap History (10 events):
Event: 9.616 GC heap before
{Heap before GC invocations=9 (full 2):
 PSYoungGen      total 160256K, used 12258K [0x00000000eab00000, 0x00000000fa480000, 0x0000000100000000)
  eden space 146944K, 0% used [0x00000000eab00000,0x00000000eab00000,0x00000000f3a80000)
  from space 13312K, 92% used [0x00000000f3a80000,0x00000000f46788b0,0x00000000f4780000)
  to   space 14848K, 0% used [0x00000000f9600000,0x00000000f9600000,0x00000000fa480000)
 ParOldGen       total 50688K, used 13929K [0x00000000c0000000, 0x00000000c3180000, 0x00000000eab00000)
  object space 50688K, 27% used [0x00000000c0000000,0x00000000c0d9a670,0x00000000c3180000)
 Metaspace       used 34714K, capacity 35334K, committed 35456K, reserved 1079296K
  class space    used 4740K, capacity 4923K, committed 4992K, reserved 1048576K
Event: 9.799 GC heap after
Heap after GC invocations=9 (full 2):
 PSYoungGen      total 160256K, used 0K [0x00000000eab00000, 0x00000000fa480000, 0x0000000100000000)
  eden space 146944K, 0% used [0x00000000eab00000,0x00000000eab00000,0x00000000f3a80000)
  from space 13312K, 0% used [0x00000000f3a80000,0x00000000f3a80000,0x00000000f4780000)
  to   space 14848K, 0% used [0x00000000f9600000,0x00000000f9600000,0x00000000fa480000)
 ParOldGen       total 75264K, used 19637K [0x00000000c0000000, 0x00000000c4980000, 0x00000000eab00000)
  object space 75264K, 26% used [0x00000000c0000000,0x00000000c132d538,0x00000000c4980000)
 Metaspace       used 34714K, capacity 35334K, committed 35456K, reserved 1079296K
  class space    used 4740K, capacity 4923K, committed 4992K, reserved 1048576K
}
Event: 15.316 GC heap before
{Heap before GC invocations=10 (full 2):
 PSYoungGen      total 160256K, used 146944K [0x00000000eab00000, 0x00000000fa480000, 0x0000000100000000)
  eden space 146944K, 100% used [0x00000000eab00000,0x00000000f3a80000,0x00000000f3a80000)
  from space 13312K, 0% used [0x00000000f3a80000,0x00000000f3a80000,0x00000000f4780000)
  to   space 14848K, 0% used [0x00000000f9600000,0x00000000f9600000,0x00000000fa480000)
 ParOldGen       total 75264K, used 19637K [0x00000000c0000000, 0x00000000c4980000, 0x00000000eab00000)
  object space 75264K, 26% used [0x00000000c0000000,0x00000000c132d538,0x00000000c4980000)
 Metaspace       used 40689K, capacity 41444K, committed 41728K, reserved 1085440K
  class space    used 5592K, capacity 5790K, committed 5888K, reserved 1048576K
Event: 15.327 GC heap after
Heap after GC invocations=10 (full 2):
 PSYoungGen      total 232448K, used 13627K [0x00000000eab00000, 0x00000000fa380000, 0x0000000100000000)
  eden space 218624K, 0% used [0x00000000eab00000,0x00000000eab00000,0x00000000f8080000)
  from space 13824K, 98% used [0x00000000f9600000,0x00000000fa34eea8,0x00000000fa380000)
  to   space 16384K, 0% used [0x00000000f8380000,0x00000000f8380000,0x00000000f9380000)
 ParOldGen       total 75264K, used 19645K [0x00000000c0000000, 0x00000000c4980000, 0x00000000eab00000)
  object space 75264K, 26% used [0x00000000c0000000,0x00000000c132f538,0x00000000c4980000)
 Metaspace       used 40689K, capacity 41444K, committed 41728K, reserved 1085440K
  class space    used 5592K, capacity 5790K, committed 5888K, reserved 1048576K
}
Event: 23.482 GC heap before
{Heap before GC invocations=11 (full 2):
 PSYoungGen      total 232448K, used 232251K [0x00000000eab00000, 0x00000000fa380000, 0x0000000100000000)
  eden space 218624K, 100% used [0x00000000eab00000,0x00000000f8080000,0x00000000f8080000)
  from space 13824K, 98% used [0x00000000f9600000,0x00000000fa34eea8,0x00000000fa380000)
  to   space 16384K, 0% used [0x00000000f8380000,0x00000000f8380000,0x00000000f9380000)
 ParOldGen       total 75264K, used 19645K [0x00000000c0000000, 0x00000000c4980000, 0x00000000eab00000)
  object space 75264K, 26% used [0x00000000c0000000,0x00000000c132f538,0x00000000c4980000)
 Metaspace       used 46894K, capacity 47872K, committed 48000K, reserved 1091584K
  class space    used 6433K, capacity 6759K, committed 6784K, reserved 1048576K
Event: 23.533 GC heap after
Heap after GC invocations=11 (full 2):
 PSYoungGen      total 238080K, used 16366K [0x00000000eab00000, 0x00000000fe480000, 0x0000000100000000)
  eden space 221696K, 0% used [0x00000000eab00000,0x00000000eab00000,0x00000000f8380000)
  from space 16384K, 99% used [0x00000000f8380000,0x00000000f937b880,0x00000000f9380000)
  to   space 22528K, 0% used [0x00000000fce80000,0x00000000fce80000,0x00000000fe480000)
 ParOldGen       total 75264K, used 29800K [0x00000000c0000000, 0x00000000c4980000, 0x00000000eab00000)
  object space 75264K, 39% used [0x00000000c0000000,0x00000000c1d1a110,0x00000000c4980000)
 Metaspace       used 46894K, capacity 47872K, committed 48000K, reserved 1091584K
  class space    used 6433K, capacity 6759K, committed 6784K, reserved 1048576K
}
Event: 73.348 GC heap before
{Heap before GC invocations=12 (full 2):
 PSYoungGen      total 238080K, used 219064K [0x00000000eab00000, 0x00000000fe480000, 0x0000000100000000)
  eden space 221696K, 91% used [0x00000000eab00000,0x00000000f70f27d0,0x00000000f8380000)
  from space 16384K, 99% used [0x00000000f8380000,0x00000000f937b880,0x00000000f9380000)
  to   space 22528K, 0% used [0x00000000fce80000,0x00000000fce80000,0x00000000fe480000)
 ParOldGen       total 75264K, used 29800K [0x00000000c0000000, 0x00000000c4980000, 0x00000000eab00000)
  object space 75264K, 39% used [0x00000000c0000000,0x00000000c1d1a110,0x00000000c4980000)
 Metaspace       used 54377K, capacity 55464K, committed 55552K, reserved 1097728K
  class space    used 7337K, capacity 7661K, committed 7680K, reserved 1048576K
Event: 73.383 GC heap after
Heap after GC invocations=12 (full 2):
 PSYoungGen      total 294400K, used 22518K [0x00000000eab00000, 0x00000000fec80000, 0x0000000100000000)
  eden space 271872K, 0% used [0x00000000eab00000,0x00000000eab00000,0x00000000fb480000)
  from space 22528K, 99% used [0x00000000fce80000,0x00000000fe47d858,0x00000000fe480000)
  to   space 26624K, 0% used [0x00000000fb480000,0x00000000fb480000,0x00000000fce80000)
 ParOldGen       total 75264K, used 31779K [0x00000000c0000000, 0x00000000c4980000, 0x00000000eab00000)
  object space 75264K, 42% used [0x00000000c0000000,0x00000000c1f08eb0,0x00000000c4980000)
 Metaspace       used 54377K, capacity 55464K, committed 55552K, reserved 1097728K
  class space    used 7337K, capacity 7661K, committed 7680K, reserved 1048576K
}
Event: 73.383 GC heap before
{Heap before GC invocations=13 (full 3):
 PSYoungGen      total 294400K, used 22518K [0x00000000eab00000, 0x00000000fec80000, 0x0000000100000000)
  eden space 271872K, 0% used [0x00000000eab00000,0x00000000eab00000,0x00000000fb480000)
  from space 22528K, 99% used [0x00000000fce80000,0x00000000fe47d858,0x00000000fe480000)
  to   space 26624K, 0% used [0x00000000fb480000,0x00000000fb480000,0x00000000fce80000)
 ParOldGen       total 75264K, used 31779K [0x00000000c0000000, 0x00000000c4980000, 0x00000000eab00000)
  object space 75264K, 42% used [0x00000000c0000000,0x00000000c1f08eb0,0x00000000c4980000)
 Metaspace       used 54377K, capacity 55464K, committed 55552K, reserved 1097728K
  class space    used 7337K, capacity 7661K, committed 7680K, reserved 1048576K
Event: 73.790 GC heap after
Heap after GC invocations=13 (full 3):
 PSYoungGen      total 294400K, used 0K [0x00000000eab00000, 0x00000000fec80000, 0x0000000100000000)
  eden space 271872K, 0% used [0x00000000eab00000,0x00000000eab00000,0x00000000fb480000)
  from space 22528K, 0% used [0x00000000fce80000,0x00000000fce80000,0x00000000fe480000)
  to   space 26624K, 0% used [0x00000000fb480000,0x00000000fb480000,0x00000000fce80000)
 ParOldGen       total 75264K, used 41831K [0x00000000c0000000, 0x00000000c4980000, 0x00000000eab00000)
  object space 75264K, 55% used [0x00000000c0000000,0x00000000c28d9eb8,0x00000000c4980000)
 Metaspace       used 54377K, capacity 55464K, committed 55552K, reserved 1097728K
  class space    used 7337K, capacity 7661K, committed 7680K, reserved 1048576K
}

